=== toolchain check ===
PATH=/rwthfs/rz/cluster/home/yh522379/realchords-pytorch/.venv/bin:/cvmfs/software.hpc.rwth.de/Linux/RH9/x86_64/intel/sapphirerapids/software/FFmpeg/7.0.2-GCCcore-13.3.0/bin:/cvmfs/software.hpc.rwth.de/Linux/RH9/x86_64/intel/sapphirerapids/software/SDL2/2.30.6-GCCcore-13.3.0/bin:/cvmfs/software.hpc.rwth.de/Linux/RH9/x86_64/intel/sapphirerapids/software/FriBidi/1.0.15-GCCcore-13.3.0/bin:/cvmfs/software.hpc.rwth.de/Linux/RH9/x86_64/intel/sapphirerapids/software/X11/20240607-GCCcore-13.3.0/bin:/cvmfs/software.hpc.rwth.de/Linux/RH9/x86_64/intel/sapphirerapids/software/fontconfig/2.15.0-GCCcore-13.3.0/bin:/cvmfs/software.hpc.rwth.de/Linux/RH9/x86_64/intel/sapphirerapids/software/util-linux/2.40-GCCcore-13.3.0/sbin:/cvmfs/software.hpc.rwth.de/Linux/RH9/x86_64/intel/sapphirerapids/software/util-linux/2.40-GCCcore-13.3.0/bin:/cvmfs/software.hpc.rwth.de/Linux/RH9/x86_64/intel/sapphirerapids/software/freetype/2.13.2-GCCcore-13.3.0/bin:/cvmfs/software.hpc.rwth.de/Linux/RH9/x86_64/intel/sapphirerapids/software/Brotli/1.1.0-GCCcore-13.3.0/bin:/cvmfs/software.hpc.rwth.de/Linux/RH9/x86_64/intel/sapphirerapids/software/libpng/1.6.43-GCCcore-13.3.0/bin:/cvmfs/software.hpc.rwth.de/Linux/RH9/x86_64/intel/sapphirerapids/software/expat/2.6.2-GCCcore-13.3.0/bin:/cvmfs/software.hpc.rwth.de/Linux/RH9/x86_64/intel/sapphirerapids/software/x265/3.6-GCCcore-13.3.0/bin:/cvmfs/software.hpc.rwth.de/Linux/RH9/x86_64/intel/sapphirerapids/software/LAME/3.100-GCCcore-13.3.0/bin:/cvmfs/software.hpc.rwth.de/Linux/RH9/x86_64/intel/sapphirerapids/software/x264/20240513-GCCcore-13.3.0/bin:/cvmfs/software.hpc.rwth.de/Linux/RH9/x86_64/intel/sapphirerapids/software/NASM/2.16.03-GCCcore-13.3.0/bin:/cvmfs/software.hpc.rwth.de/Linux/RH9/x86_64/intel/sapphirerapids/software/Python/3.12.3-GCCcore-13.3.0/bin:/cvmfs/software.hpc.rwth.de/Linux/RH9/x86_64/intel/sapphirerapids/software/OpenSSL/3/bin:/cvmfs/software.hpc.rwth.de/Linux/RH9/x86_64/intel/sapphirerapids/software/XZ/5.4.5-GCCcore-13.3.0/bin:/cvmfs/software.hpc.rwth.de/Linux/RH9/x86_64/intel/sapphirerapids/software/SQLite/3.45.3-GCCcore-13.3.0/bin:/cvmfs/software.hpc.rwth.de/Linux/RH9/x86_64/intel/sapphirerapids/software/Tcl/8.6.14-GCCcore-13.3.0/bin:/cvmfs/software.hpc.rwth.de/Linux/RH9/x86_64/intel/sapphirerapids/software/ncurses/6.5-GCCcore-13.3.0/bin:/cvmfs/software.hpc.rwth.de/Linux/RH9/x86_64/intel/sapphirerapids/software/bzip2/1.0.8-GCCcore-13.3.0/bin:/home/yh522379/.local/bin:/cvmfs/software.hpc.rwth.de/Linux/RH9/x86_64/intel/sapphirerapids/software/impi/2021.13.0-intel-compilers-2024.2.0/mpi/2021.13/libfabric/bin:/cvmfs/software.hpc.rwth.de/Linux/RH9/x86_64/intel/sapphirerapids/software/impi/2021.13.0-intel-compilers-2024.2.0/mpi/2021.13/bin:/cvmfs/software.hpc.rwth.de/Linux/RH9/x86_64/intel/sapphirerapids/software/intel-compilers/2024.2.0/compiler/2024.2/bin:/cvmfs/software.hpc.rwth.de/Linux/RH9/x86_64/intel/sapphirerapids/software/binutils/2.42-GCCcore-13.3.0/bin:/cvmfs/software.hpc.rwth.de/Linux/RH9/x86_64/intel/sapphirerapids/software/GCCcore/13.3.0/bin:/usr/local_host/bin:/usr/local_host/sbin:/usr/local_rwth/bin:/usr/local_rwth/sbin:/usr/bin:/usr/sbin:/bin:/sbin:/opt/singularity/bin:/usr/local/bin:/usr/local/sbin:/opt/slurm/current/sbin:/opt/slurm/current/bin
ffmpeg: /cvmfs/software.hpc.rwth.de/Linux/RH9/x86_64/intel/sapphirerapids/software/FFmpeg/7.0.2-GCCcore-13.3.0/bin/ffmpeg
fluidsynth: /home/yh522379/.local/bin/fluidsynth
ffmpeg version 7.0.2 Copyright (c) 2000-2024 the FFmpeg developers
FluidSynth runtime version 2.5.3
audioread backends: [<class 'audioread.rawread.RawAudioFile'>, <class 'audioread.ffdec.FFmpegAudioFile'>]
=== end toolchain check ===
=== nvidia-smi (job 66602487) ===
Thu Apr  9 23:35:03 2026       
+-----------------------------------------------------------------------------------------+
| NVIDIA-SMI 570.211.01             Driver Version: 570.211.01     CUDA Version: 12.8     |
|-----------------------------------------+------------------------+----------------------+
| GPU  Name                 Persistence-M | Bus-Id          Disp.A | Volatile Uncorr. ECC |
| Fan  Temp   Perf          Pwr:Usage/Cap |           Memory-Usage | GPU-Util  Compute M. |
|                                         |                        |               MIG M. |
|=========================================+========================+======================|
|   0  NVIDIA H100                    On  |   00000000:AD:00.0 Off |                    0 |
| N/A   40C    P0             73W /  700W |       0MiB /  95830MiB |      0%      Default |
|                                         |                        |             Disabled |
+-----------------------------------------+------------------------+----------------------+
                                                                                         
+-----------------------------------------------------------------------------------------+
| Processes:                                                                              |
|  GPU   GI   CI              PID   Type   Process name                        GPU Memory |
|        ID   ID                                                               Usage      |
|=========================================================================================|
|  No running processes found                                                             |
+-----------------------------------------------------------------------------------------+
=== end nvidia-smi ===
=== Loading Weighted Joint Dataset ===
Datasets: hooktheory, pop909, nottingham
Weights: [0.6, 0.3, 0.1]
Split: train
Augmentation: True

Loading hooktheory (weight: 60.0%)...
2026-04-09 23:35:52 - realchords - INFO - Data cache dir: /rwthfs/rz/cluster/home/yh522379/realchords-pytorch/data/cache/hooktheory
2026-04-09 23:35:54 - realchords - INFO - Time taken to load dataset: 1.56 seconds
2026-04-09 23:35:54 - realchords - INFO - Loaded 2821 chord names from data/cache/chord_names_augmented.json
2026-04-09 23:35:54 - realchords - INFO - Loaded 247676 items
  hooktheory: 247,676 items (1.6s)
Loading pop909 (weight: 30.0%)...
2026-04-09 23:35:54 - realchords - INFO - Data cache dir: /rwthfs/rz/cluster/home/yh522379/realchords-pytorch/data/cache/pop909
2026-04-09 23:35:54 - realchords - INFO - Time taken to load dataset: 0.42 seconds
2026-04-09 23:35:54 - realchords - INFO - Loaded 2821 chord names from data/cache/chord_names_augmented.json
2026-04-09 23:35:54 - realchords - INFO - Loaded 9451 items
  pop909: 9,451 items (0.4s)
Loading nottingham (weight: 10.0%)...
2026-04-09 23:35:54 - realchords - INFO - Data cache dir: /rwthfs/rz/cluster/home/yh522379/realchords-pytorch/data/cache/nottingham
2026-04-09 23:35:54 - realchords - INFO - Time taken to load dataset: 0.14 seconds
2026-04-09 23:35:54 - realchords - INFO - Loaded 2821 chord names from data/cache/chord_names_augmented.json
2026-04-09 23:35:54 - realchords - INFO - Loaded 10595 items
  nottingham: 10,595 items (0.1s)
Using RepeatableWeightedSampler for training split.

Weighted joint dataset created:
   Total items: 267,722
   Sampling weights: {'hooktheory': 0.6, 'pop909': 0.3, 'nottingham': 0.1}
=== Loading Weighted Joint Dataset ===
Datasets: hooktheory, pop909, nottingham
Weights: [0.6, 0.3, 0.1]
Split: valid
Augmentation: True

Loading hooktheory (weight: 60.0%)...
2026-04-09 23:35:55 - realchords - INFO - Data cache dir: /rwthfs/rz/cluster/home/yh522379/realchords-pytorch/data/cache/hooktheory
2026-04-09 23:35:55 - realchords - INFO - Time taken to load dataset: 0.04 seconds
2026-04-09 23:35:55 - realchords - INFO - Loaded 2821 chord names from data/cache/chord_names_augmented.json
2026-04-09 23:35:55 - realchords - INFO - Loaded 1943 items
  hooktheory: 1,943 items (0.0s)
Loading pop909 (weight: 30.0%)...
2026-04-09 23:35:55 - realchords - INFO - Data cache dir: /rwthfs/rz/cluster/home/yh522379/realchords-pytorch/data/cache/pop909
2026-04-09 23:35:55 - realchords - INFO - Time taken to load dataset: 0.03 seconds
2026-04-09 23:35:55 - realchords - INFO - Loaded 2821 chord names from data/cache/chord_names_augmented.json
2026-04-09 23:35:55 - realchords - INFO - Loaded 90 items
  pop909: 90 items (0.0s)
Loading nottingham (weight: 10.0%)...
2026-04-09 23:35:55 - realchords - INFO - Data cache dir: /rwthfs/rz/cluster/home/yh522379/realchords-pytorch/data/cache/nottingham
2026-04-09 23:35:55 - realchords - INFO - Time taken to load dataset: 0.02 seconds
2026-04-09 23:35:55 - realchords - INFO - Loaded 2821 chord names from data/cache/chord_names_augmented.json
2026-04-09 23:35:55 - realchords - INFO - Loaded 101 items
  nottingham: 101 items (0.0s)
Using deterministic weighted interleaving for eval (no sampler).

Weighted joint dataset created:
   Total items: 2,134
   Sampling weights: {'hooktheory': 0.6, 'pop909': 0.3, 'nottingham': 0.1}
Note: 'shuffle' is ignored for train since a sampler is used.
┏━━━┳━━━━━━━┳━━━━━━━━━━━━━━━━━┳━━━━━━━━┳━━━━━━━┳━━━━━━━┓
┃   ┃ Name  ┃ Type            ┃ Params ┃ Mode  ┃ FLOPs ┃
┡━━━╇━━━━━━━╇━━━━━━━━━━━━━━━━━╇━━━━━━━━╇━━━━━━━╇━━━━━━━┩
│ 0 │ model │ OptimizedModule │ 84.7 M │ train │     0 │
└───┴───────┴─────────────────┴────────┴───────┴───────┘
Trainable params: 84.7 M                                                        
Non-trainable params: 0                                                         
Total params: 84.7 M                                                            
Total estimated model params size (MB): 338                                     
Modules in train mode: 568                                                      
Modules in eval mode: 0                                                         
Total FLOPs: 0                                                                  
2026-04-09 23:36:48 - realchords - ERROR - Error converting to MIDI: Chord off without chord on: Dbm7b5(add2) -> Gbmaj11/B
2026-04-09 23:36:48 - realchords - ERROR - Error converting to MIDI: Chord off without chord on: Ebm7b5(add4) -> Gbm7b5
2026-04-09 23:36:48 - realchords - ERROR - Error converting to MIDI: Chord off without chord on: F7(#11)(b13) -> Bbped(addb5)
2026-04-09 23:36:49 - realchords - ERROR - Error converting to MIDI: Chord off without chord on: Absus(add6)(add7)/F -> Dm11/A
2026-04-09 23:36:49 - realchords - ERROR - Error converting to MIDI: Chord off without chord on: F(#11)/B -> Eo/G
2026-04-09 23:36:49 - realchords - ERROR - Error converting to MIDI: Chord off without chord on: Bbmaj9(#11) -> Gm11/F
2026-04-09 23:36:49 - realchords - ERROR - Error converting to MIDI: Chord off without chord on: Ebm7b5(addb2)(add6)/C -> F5(#11)
2026-04-09 23:36:50 - realchords - ERROR - Error converting to MIDI: Chord off without chord on: Gbo7(add4) -> C13/D
2026-04-09 23:40:08 - realchords - ERROR - Error converting to MIDI: Chord off without chord on: Ebm -> Esus
2026-04-09 23:40:09 - realchords - ERROR - Error converting to MIDI: Chord off without chord on: Absus7/Db -> Gmmaj7
2026-04-09 23:40:10 - realchords - ERROR - Error converting to MIDI: Chord off without chord on: A -> Asus2
2026-04-09 23:43:18 - realchords - ERROR - Error converting to MIDI: Chord off without chord on: Db -> Db(add4)
2026-04-09 23:46:09 - realchords - ERROR - Error converting to MIDI: Chord off without chord on: Ab7 -> Dbm
2026-04-09 23:46:10 - realchords - ERROR - Error converting to MIDI: Chord off without chord on: E+ -> Bb5(#11)
2026-04-09 23:46:11 - realchords - ERROR - Error converting to MIDI: Chord off without chord on: Gb7 -> D13
2026-04-09 23:49:01 - realchords - ERROR - Error converting to MIDI: Chord off without chord on: Em -> Bbm9
2026-04-09 23:49:01 - realchords - ERROR - Error converting to MIDI: Chord off without chord on: Gb -> Dbsus
2026-04-09 23:51:53 - realchords - ERROR - Error converting to MIDI: Chord off without chord on: Gbsus -> Gb
2026-04-09 23:51:54 - realchords - ERROR - Error converting to MIDI: Chord off without chord on: Co -> Gm7b5
2026-04-09 23:54:45 - realchords - ERROR - Error converting to MIDI: Chord off without chord on: A -> D
2026-04-09 23:54:46 - realchords - ERROR - Error converting to MIDI: Chord off without chord on: D7 -> F6/9/D
2026-04-09 23:54:46 - realchords - ERROR - Error converting to MIDI: Chord off without chord on: Dm7 -> Em9
2026-04-09 23:57:39 - realchords - ERROR - Error converting to MIDI: Chord off without chord on: G -> Gbm11
2026-04-10 00:03:24 - realchords - ERROR - Error converting to MIDI: Chord off without chord on: Co -> Db6
2026-04-10 00:06:15 - realchords - ERROR - Error converting to MIDI: Chord off without chord on: Abm -> Gb
2026-04-10 00:23:36 - realchords - ERROR - Error converting to MIDI: Chord off without chord on: D7 -> G
2026-04-10 00:23:37 - realchords - ERROR - Error converting to MIDI: Chord off without chord on: Ebm7 -> Ebm
2026-04-10 00:26:27 - realchords - ERROR - Error converting to MIDI: Chord off without chord on: G -> Gb
2026-04-10 00:26:29 - realchords - ERROR - Error converting to MIDI: Chord off without chord on: Ab -> Gb
2026-04-10 00:35:07 - realchords - ERROR - Error converting to MIDI: Chord off without chord on: E -> F
2026-04-10 00:38:00 - realchords - ERROR - Error converting to MIDI: Chord off without chord on: A -> C
2026-04-10 00:46:43 - realchords - ERROR - Error converting to MIDI: Chord off without chord on: Gbsus2 -> Bbsus2
2026-04-10 00:49:36 - realchords - ERROR - Error converting to MIDI: Chord off without chord on: Dbsus7 -> Esus2(addb7)
2026-04-10 00:52:27 - realchords - ERROR - Error converting to MIDI: Chord off without chord on: Gm -> G
2026-04-10 00:55:22 - realchords - ERROR - Error converting to MIDI: Chord off without chord on: Ab -> Ab6
2026-04-10 00:55:23 - realchords - ERROR - Error converting to MIDI: Chord off without chord on: Bbm -> Abm
2026-04-10 00:58:14 - realchords - ERROR - Error converting to MIDI: Chord off without chord on: Bm7 -> Abm7
Epoch 0/-2 ━━━━━━━━━━━━━━━ 30000/30000 1:26:57 •       6.37it/s v_num: m5xj     
                                       0:00:00                  train/loss:     
                                                                0.051 grad_norm:
                                                                0.243 val/loss: 
                                                                0.366 val/acc:  
                                                                0.654 val/nll:  
                                                                0.366           
                                                                val/note_in_cho…
                                                                0.746           
                                                                val/note_in_cho…
                                                                0.706           
[1;34mwandb[0m: 
[1;34mwandb[0m: 🚀 View run [33menc_dec_base_chord_3_datasets[0m at: [34mhttps://wandb.ai/ikunabel/realchords/runs/47nxm5xj[0m
[1;34mwandb[0m: Find logs at: [1;35m../../../../../../hpcwork/thes2192/realchords/logs/my_logs/enc_dec_base_chord_3_datasets/wandb/run-20260409_233611-47nxm5xj/logs[0m
