TORCH_EXTENSIONS_DIR=/hpcwork/thes2192/realchords/.cache/torch_extensions
=== toolchain check ===
PATH=/rwthfs/rz/cluster/home/yh522379/realchords-pytorch/.venv/bin:/cvmfs/software.hpc.rwth.de/Linux/RH9/x86_64/intel/sapphirerapids/software/FFmpeg/7.0.2-GCCcore-13.3.0/bin:/cvmfs/software.hpc.rwth.de/Linux/RH9/x86_64/intel/sapphirerapids/software/SDL2/2.30.6-GCCcore-13.3.0/bin:/cvmfs/software.hpc.rwth.de/Linux/RH9/x86_64/intel/sapphirerapids/software/FriBidi/1.0.15-GCCcore-13.3.0/bin:/cvmfs/software.hpc.rwth.de/Linux/RH9/x86_64/intel/sapphirerapids/software/X11/20240607-GCCcore-13.3.0/bin:/cvmfs/software.hpc.rwth.de/Linux/RH9/x86_64/intel/sapphirerapids/software/fontconfig/2.15.0-GCCcore-13.3.0/bin:/cvmfs/software.hpc.rwth.de/Linux/RH9/x86_64/intel/sapphirerapids/software/util-linux/2.40-GCCcore-13.3.0/sbin:/cvmfs/software.hpc.rwth.de/Linux/RH9/x86_64/intel/sapphirerapids/software/util-linux/2.40-GCCcore-13.3.0/bin:/cvmfs/software.hpc.rwth.de/Linux/RH9/x86_64/intel/sapphirerapids/software/freetype/2.13.2-GCCcore-13.3.0/bin:/cvmfs/software.hpc.rwth.de/Linux/RH9/x86_64/intel/sapphirerapids/software/Brotli/1.1.0-GCCcore-13.3.0/bin:/cvmfs/software.hpc.rwth.de/Linux/RH9/x86_64/intel/sapphirerapids/software/libpng/1.6.43-GCCcore-13.3.0/bin:/cvmfs/software.hpc.rwth.de/Linux/RH9/x86_64/intel/sapphirerapids/software/expat/2.6.2-GCCcore-13.3.0/bin:/cvmfs/software.hpc.rwth.de/Linux/RH9/x86_64/intel/sapphirerapids/software/x265/3.6-GCCcore-13.3.0/bin:/cvmfs/software.hpc.rwth.de/Linux/RH9/x86_64/intel/sapphirerapids/software/LAME/3.100-GCCcore-13.3.0/bin:/cvmfs/software.hpc.rwth.de/Linux/RH9/x86_64/intel/sapphirerapids/software/x264/20240513-GCCcore-13.3.0/bin:/cvmfs/software.hpc.rwth.de/Linux/RH9/x86_64/intel/sapphirerapids/software/NASM/2.16.03-GCCcore-13.3.0/bin:/cvmfs/software.hpc.rwth.de/Linux/RH9/x86_64/intel/sapphirerapids/software/Python/3.12.3-GCCcore-13.3.0/bin:/cvmfs/software.hpc.rwth.de/Linux/RH9/x86_64/intel/sapphirerapids/software/OpenSSL/3/bin:/cvmfs/software.hpc.rwth.de/Linux/RH9/x86_64/intel/sapphirerapids/software/XZ/5.4.5-GCCcore-13.3.0/bin:/cvmfs/software.hpc.rwth.de/Linux/RH9/x86_64/intel/sapphirerapids/software/SQLite/3.45.3-GCCcore-13.3.0/bin:/cvmfs/software.hpc.rwth.de/Linux/RH9/x86_64/intel/sapphirerapids/software/Tcl/8.6.14-GCCcore-13.3.0/bin:/cvmfs/software.hpc.rwth.de/Linux/RH9/x86_64/intel/sapphirerapids/software/ncurses/6.5-GCCcore-13.3.0/bin:/cvmfs/software.hpc.rwth.de/Linux/RH9/x86_64/intel/sapphirerapids/software/bzip2/1.0.8-GCCcore-13.3.0/bin:/home/yh522379/.local/bin:/cvmfs/software.hpc.rwth.de/Linux/RH9/x86_64/intel/sapphirerapids/software/impi/2021.13.0-intel-compilers-2024.2.0/mpi/2021.13/libfabric/bin:/cvmfs/software.hpc.rwth.de/Linux/RH9/x86_64/intel/sapphirerapids/software/impi/2021.13.0-intel-compilers-2024.2.0/mpi/2021.13/bin:/cvmfs/software.hpc.rwth.de/Linux/RH9/x86_64/intel/sapphirerapids/software/intel-compilers/2024.2.0/compiler/2024.2/bin:/cvmfs/software.hpc.rwth.de/Linux/RH9/x86_64/intel/sapphirerapids/software/binutils/2.42-GCCcore-13.3.0/bin:/cvmfs/software.hpc.rwth.de/Linux/RH9/x86_64/intel/sapphirerapids/software/GCCcore/13.3.0/bin:/usr/local_host/bin:/usr/local_host/sbin:/usr/local_rwth/bin:/usr/local_rwth/sbin:/usr/bin:/usr/sbin:/bin:/sbin:/opt/singularity/bin:/usr/local/bin:/usr/local/sbin:/opt/slurm/current/sbin:/opt/slurm/current/bin
ffmpeg: /cvmfs/software.hpc.rwth.de/Linux/RH9/x86_64/intel/sapphirerapids/software/FFmpeg/7.0.2-GCCcore-13.3.0/bin/ffmpeg
fluidsynth: /home/yh522379/.local/bin/fluidsynth
ffmpeg version 7.0.2 Copyright (c) 2000-2024 the FFmpeg developers
FluidSynth runtime version 2.5.3
audioread backends: [<class 'audioread.rawread.RawAudioFile'>, <class 'audioread.ffdec.FFmpegAudioFile'>]
=== end toolchain check ===
=== nvidia-smi (job 2209930) ===
Fri Jul 24 12:45:34 2026       
+-----------------------------------------------------------------------------------------+
| NVIDIA-SMI 570.211.01             Driver Version: 570.211.01     CUDA Version: 12.8     |
|-----------------------------------------+------------------------+----------------------+
| GPU  Name                 Persistence-M | Bus-Id          Disp.A | Volatile Uncorr. ECC |
| Fan  Temp   Perf          Pwr:Usage/Cap |           Memory-Usage | GPU-Util  Compute M. |
|                                         |                        |               MIG M. |
|=========================================+========================+======================|
|   0  NVIDIA H100                    On  |   00000000:9D:00.0 Off |                    0 |
| N/A   41C    P0             71W /  600W |       0MiB /  95830MiB |      0%      Default |
|                                         |                        |             Disabled |
+-----------------------------------------+------------------------+----------------------+
                                                                                         
+-----------------------------------------------------------------------------------------+
| Processes:                                                                              |
|  GPU   GI   CI              PID   Type   Process name                        GPU Memory |
|        ID   ID                                                               Usage      |
|=========================================================================================|
|  No running processes found                                                             |
+-----------------------------------------------------------------------------------------+
=== end nvidia-smi ===
=== Loading Weighted Joint Dataset ===
Datasets: hooktheory, pop909, nottingham, wikifonia, chord_melody_dataset, jazzmus, emopia_plus
Weights: [0.3760265848905826, 0.1883690331555499, 0.09815076692306843, 0.09100927337539919, 0.07631674964471691, 0.0683151804949522, 0.10181241151573077]
Split: train
Augmentation: True

Loading hooktheory (weight: 37.6%)...
2026-07-24 12:46:36 - realchords - INFO - Data cache dir: /rwthfs/rz/cluster/home/yh522379/realchords-pytorch/data/cache/hooktheory
2026-07-24 12:46:37 - realchords - INFO - Time taken to load dataset: 1.19 seconds
2026-07-24 12:46:37 - realchords - INFO - Loaded 2969 chord names from data/cache/chord_names_augmented.json
2026-07-24 12:46:37 - realchords - INFO - Loaded 247676 items
  hooktheory: 247,676 items (1.2s)
Loading pop909 (weight: 18.8%)...
2026-07-24 12:46:37 - realchords - INFO - Data cache dir: /rwthfs/rz/cluster/home/yh522379/realchords-pytorch/data/cache/pop909
2026-07-24 12:46:37 - realchords - INFO - Time taken to load dataset: 0.28 seconds
2026-07-24 12:46:37 - realchords - INFO - Loaded 2969 chord names from data/cache/chord_names_augmented.json
2026-07-24 12:46:37 - realchords - INFO - Loaded 9451 items
  pop909: 9,451 items (0.3s)
Loading nottingham (weight: 9.8%)...
2026-07-24 12:46:37 - realchords - INFO - Data cache dir: /rwthfs/rz/cluster/home/yh522379/realchords-pytorch/data/cache/nottingham
2026-07-24 12:46:37 - realchords - INFO - Time taken to load dataset: 0.08 seconds
2026-07-24 12:46:37 - realchords - INFO - Loaded 2969 chord names from data/cache/chord_names_augmented.json
2026-07-24 12:46:37 - realchords - INFO - Loaded 10595 items
  nottingham: 10,595 items (0.1s)
Loading wikifonia (weight: 9.1%)...
2026-07-24 12:46:37 - realchords - INFO - Data cache dir: /rwthfs/rz/cluster/home/yh522379/realchords-pytorch/data/cache/wikifonia
2026-07-24 12:46:37 - realchords - INFO - Time taken to load dataset: 0.04 seconds
2026-07-24 12:46:37 - realchords - INFO - Loaded 2969 chord names from data/cache/chord_names_augmented.json
2026-07-24 12:46:37 - realchords - INFO - Loaded 5213 items
  wikifonia: 5,213 items (0.0s)
Loading chord_melody_dataset (weight: 7.6%)...
2026-07-24 12:46:37 - realchords - INFO - Data cache dir: /rwthfs/rz/cluster/home/yh522379/realchords-pytorch/data/cache/chord_melody_dataset
2026-07-24 12:46:37 - realchords - INFO - Time taken to load dataset: 0.04 seconds
2026-07-24 12:46:37 - realchords - INFO - Loaded 2969 chord names from data/cache/chord_names_augmented.json
2026-07-24 12:46:37 - realchords - INFO - Loaded 4157 items
  chord_melody_dataset: 4,157 items (0.0s)
Loading jazzmus (weight: 6.8%)...
2026-07-24 12:46:37 - realchords - INFO - Data cache dir: /rwthfs/rz/cluster/home/yh522379/realchords-pytorch/data/cache/jazzmus
2026-07-24 12:46:37 - realchords - INFO - Time taken to load dataset: 0.02 seconds
2026-07-24 12:46:37 - realchords - INFO - Loaded 2969 chord names from data/cache/chord_names_augmented.json
2026-07-24 12:46:37 - realchords - INFO - Loaded 3029 items
  jazzmus: 3,029 items (0.0s)
Loading emopia_plus (weight: 10.2%)...
2026-07-24 12:46:37 - realchords - INFO - Data cache dir: /rwthfs/rz/cluster/home/yh522379/realchords-pytorch/data/cache/emopia_plus
2026-07-24 12:46:38 - realchords - INFO - Time taken to load dataset: 0.12 seconds
2026-07-24 12:46:38 - realchords - INFO - Loaded 2969 chord names from data/cache/chord_names_augmented.json
2026-07-24 12:46:38 - realchords - INFO - Loaded 11297 items
  emopia_plus: 11,297 items (0.1s)
Using RepeatableWeightedSampler for training split.

Weighted joint dataset created:
   Total items: 291,418
   Sampling weights: {'hooktheory': 0.3760265848905826, 'pop909': 0.1883690331555499, 'nottingham': 0.09815076692306843, 'wikifonia': 0.09100927337539919, 'chord_melody_dataset': 0.07631674964471691, 'jazzmus': 0.0683151804949522, 'emopia_plus': 0.10181241151573077}
=== Loading Weighted Joint Dataset ===
Datasets: hooktheory, pop909, nottingham, wikifonia, chord_melody_dataset, jazzmus, emopia_plus
Weights: [0.3760265848905826, 0.1883690331555499, 0.09815076692306843, 0.09100927337539919, 0.07631674964471691, 0.0683151804949522, 0.10181241151573077]
Split: valid
Augmentation: True

Loading hooktheory (weight: 37.6%)...
2026-07-24 12:46:38 - realchords - INFO - Data cache dir: /rwthfs/rz/cluster/home/yh522379/realchords-pytorch/data/cache/hooktheory
2026-07-24 12:46:38 - realchords - INFO - Time taken to load dataset: 0.04 seconds
2026-07-24 12:46:38 - realchords - INFO - Loaded 2969 chord names from data/cache/chord_names_augmented.json
2026-07-24 12:46:38 - realchords - INFO - Loaded 1943 items
  hooktheory: 1,943 items (0.0s)
Loading pop909 (weight: 18.8%)...
2026-07-24 12:46:38 - realchords - INFO - Data cache dir: /rwthfs/rz/cluster/home/yh522379/realchords-pytorch/data/cache/pop909
2026-07-24 12:46:38 - realchords - INFO - Time taken to load dataset: 0.03 seconds
2026-07-24 12:46:38 - realchords - INFO - Loaded 2969 chord names from data/cache/chord_names_augmented.json
2026-07-24 12:46:38 - realchords - INFO - Loaded 90 items
  pop909: 90 items (0.0s)
Loading nottingham (weight: 9.8%)...
2026-07-24 12:46:38 - realchords - INFO - Data cache dir: /rwthfs/rz/cluster/home/yh522379/realchords-pytorch/data/cache/nottingham
2026-07-24 12:46:38 - realchords - INFO - Time taken to load dataset: 0.02 seconds
2026-07-24 12:46:38 - realchords - INFO - Loaded 2969 chord names from data/cache/chord_names_augmented.json
2026-07-24 12:46:38 - realchords - INFO - Loaded 101 items
  nottingham: 101 items (0.0s)
Loading wikifonia (weight: 9.1%)...
2026-07-24 12:46:38 - realchords - INFO - Data cache dir: /rwthfs/rz/cluster/home/yh522379/realchords-pytorch/data/cache/wikifonia
2026-07-24 12:46:38 - realchords - INFO - Time taken to load dataset: 0.02 seconds
2026-07-24 12:46:38 - realchords - INFO - Loaded 2969 chord names from data/cache/chord_names_augmented.json
2026-07-24 12:46:38 - realchords - INFO - Loaded 50 items
  wikifonia: 50 items (0.0s)
Loading chord_melody_dataset (weight: 7.6%)...
2026-07-24 12:46:38 - realchords - INFO - Data cache dir: /rwthfs/rz/cluster/home/yh522379/realchords-pytorch/data/cache/chord_melody_dataset
2026-07-24 12:46:38 - realchords - INFO - Time taken to load dataset: 0.01 seconds
2026-07-24 12:46:38 - realchords - INFO - Loaded 2969 chord names from data/cache/chord_names_augmented.json
2026-07-24 12:46:38 - realchords - INFO - Loaded 47 items
  chord_melody_dataset: 47 items (0.0s)
Loading jazzmus (weight: 6.8%)...
2026-07-24 12:46:38 - realchords - INFO - Data cache dir: /rwthfs/rz/cluster/home/yh522379/realchords-pytorch/data/cache/jazzmus
2026-07-24 12:46:38 - realchords - INFO - Time taken to load dataset: 0.00 seconds
2026-07-24 12:46:38 - realchords - INFO - Loaded 2969 chord names from data/cache/chord_names_augmented.json
2026-07-24 12:46:38 - realchords - INFO - Loaded 29 items
  jazzmus: 29 items (0.0s)
Loading emopia_plus (weight: 10.2%)...
2026-07-24 12:46:38 - realchords - INFO - Data cache dir: /rwthfs/rz/cluster/home/yh522379/realchords-pytorch/data/cache/emopia_plus
2026-07-24 12:46:38 - realchords - INFO - Time taken to load dataset: 0.01 seconds
2026-07-24 12:46:38 - realchords - INFO - Loaded 2969 chord names from data/cache/chord_names_augmented.json
2026-07-24 12:46:38 - realchords - INFO - Loaded 114 items
  emopia_plus: 114 items (0.0s)
Using deterministic weighted interleaving for eval (no sampler).

Weighted joint dataset created:
   Total items: 2,374
   Sampling weights: {'hooktheory': 0.3760265848905826, 'pop909': 0.1883690331555499, 'nottingham': 0.09815076692306843, 'wikifonia': 0.09100927337539919, 'chord_melody_dataset': 0.07631674964471691, 'jazzmus': 0.0683151804949522, 'emopia_plus': 0.10181241151573077}
Note: 'shuffle' is ignored for train since a sampler is used.
┏━━━┳━━━━━━━┳━━━━━━━━━━━━━━━━━┳━━━━━━━━┳━━━━━━━┳━━━━━━━┓
┃   ┃ Name  ┃ Type            ┃ Params ┃ Mode  ┃ FLOPs ┃
┡━━━╇━━━━━━━╇━━━━━━━━━━━━━━━━━╇━━━━━━━━╇━━━━━━━╇━━━━━━━┩
│ 0 │ model │ OptimizedModule │ 85.1 M │ train │     0 │
└───┴───────┴─────────────────┴────────┴───────┴───────┘
Trainable params: 85.1 M                                                        
Non-trainable params: 0                                                         
Total params: 85.1 M                                                            
Total estimated model params size (MB): 340                                     
Modules in train mode: 568                                                      
Modules in eval mode: 0                                                         
Total FLOPs: 0                                                                  
2026-07-24 12:47:24 - realchords - ERROR - Error converting to MIDI: Chord off without chord on: D5(addb2) -> D6/9
2026-07-24 12:47:24 - realchords - ERROR - Error converting to MIDI: Chord off without chord on: Cm7(addb2) -> Cmaj9(b13)/E
2026-07-24 12:47:24 - realchords - ERROR - Error converting to MIDI: Chord off without chord on: Bm(add2)(#11) -> Bbmaj11
2026-07-24 12:47:24 - realchords - ERROR - Error converting to MIDI: Chord off without chord on: G5(addb7)(#11)/Db -> Bb11(b13)
2026-07-24 12:47:24 - realchords - ERROR - Error converting to MIDI: Chord off without chord on: Eo(addb2)/F -> Dbm7b5(add6)
2026-07-24 12:47:24 - realchords - ERROR - Error converting to MIDI: Chord off without chord on: Bbm7(#11) -> Fmmaj7(#11)
2026-07-24 12:47:24 - realchords - ERROR - Error converting to MIDI: Chord off without chord on: Dbped(addb7)(addb5) -> Gped(addb7)(add3)
2026-07-24 12:47:24 - realchords - ERROR - Error converting to MIDI: Chord off without chord on: Bsus2(b13)/G -> Dm9(add6)/F
2026-07-24 12:50:33 - realchords - ERROR - Error converting to MIDI: Chord off without chord on: Dbsus7 -> Bbm6
2026-07-24 12:50:33 - realchords - ERROR - Error converting to MIDI: Chord off without chord on: Am -> Co
2026-07-24 12:50:33 - realchords - ERROR - Error converting to MIDI: Chord off without chord on: Csus2 -> Dbm
2026-07-24 12:50:33 - realchords - ERROR - Error converting to MIDI: Chord off without chord on: Amaj7 -> F7
2026-07-24 12:53:30 - realchords - ERROR - Error converting to MIDI: Chord off without chord on: Em -> Dbm
2026-07-24 12:53:30 - realchords - ERROR - Error converting to MIDI: Chord off without chord on: Csus2 -> Am
2026-07-24 12:56:14 - realchords - ERROR - Error converting to MIDI: Chord off without chord on: Gm7 -> Fmaj7
2026-07-24 12:56:14 - realchords - ERROR - Error converting to MIDI: Chord off without chord on: Ebo -> Abm
2026-07-24 12:56:14 - realchords - ERROR - Error converting to MIDI: Chord off without chord on: Gbm7 -> F
2026-07-24 12:58:56 - realchords - ERROR - Error converting to MIDI: Chord off without chord on: A7 -> Ab7
2026-07-24 13:01:38 - realchords - ERROR - Error converting to MIDI: Chord off without chord on: Am -> Esus7/A
2026-07-24 13:04:21 - realchords - ERROR - Error converting to MIDI: Chord off without chord on: Em7 -> D
2026-07-24 13:04:21 - realchords - ERROR - Error converting to MIDI: Chord off without chord on: F -> Bb
2026-07-24 13:09:43 - realchords - ERROR - Error converting to MIDI: Chord off without chord on: Db7 -> Bsus
2026-07-24 13:12:26 - realchords - ERROR - Error converting to MIDI: Chord off without chord on: Bm7 -> E7
2026-07-24 13:12:26 - realchords - ERROR - Error converting to MIDI: Chord off without chord on: Bb7 -> Gm7
2026-07-24 13:17:51 - realchords - ERROR - Error converting to MIDI: Chord off without chord on: Bb7 -> Cm(add2)
2026-07-24 13:25:59 - realchords - ERROR - Error converting to MIDI: Chord off without chord on: C5(#11) -> G(add4)
2026-07-24 13:31:25 - realchords - ERROR - Error converting to MIDI: Chord off without chord on: G -> A
2026-07-24 13:34:08 - realchords - ERROR - Error converting to MIDI: Chord off without chord on: Gbm -> Dbo7
2026-07-24 13:34:08 - realchords - ERROR - Error converting to MIDI: Chord off without chord on: Dmaj7 -> Amaj7
2026-07-24 13:39:31 - realchords - ERROR - Error converting to MIDI: Chord off without chord on: G -> D
2026-07-24 13:39:31 - realchords - ERROR - Error converting to MIDI: Chord off without chord on: Absus2(add7) -> Absus2
2026-07-24 13:42:12 - realchords - ERROR - Error converting to MIDI: Chord off without chord on: Bo -> Eo
2026-07-24 13:44:54 - realchords - ERROR - Error converting to MIDI: Chord off without chord on: Gbmaj7 -> Db11
2026-07-24 13:53:01 - realchords - ERROR - Error converting to MIDI: Chord off without chord on: Dmmaj7 -> Dm
2026-07-24 13:53:01 - realchords - ERROR - Error converting to MIDI: Chord off without chord on: Bbped -> E7(#11)
2026-07-24 13:55:43 - realchords - ERROR - Error converting to MIDI: Chord off without chord on: G -> E
2026-07-24 13:55:43 - realchords - ERROR - Error converting to MIDI: Chord off without chord on: Am -> Am7
2026-07-24 14:01:06 - realchords - ERROR - Error converting to MIDI: Chord off without chord on: Dbm7 -> Dbm
2026-07-24 14:03:49 - realchords - ERROR - Error converting to MIDI: Chord off without chord on: Ebsus2 -> Eb
Epoch 0/-2 ━━━━━━━━        28000/50000 1:16:25 •       6.46it/s v_num: 68v5     
                                       0:56:46                  train/loss:     
                                                                0.054 grad_norm:
                                                                0.213 val/loss: 
                                                                0.327 val/acc:  
                                                                0.681 val/nll:  
                                                                0.327           
                                                                val/note_in_cho…
                                                                0.747           
                                                                val/note_in_cho…
                                                                0.732           
[1;34mwandb[0m: 
[1;34mwandb[0m: 🚀 View run [33menc_dec.chord.7sets.seed=1.alpha=0.5[0m at: [34mhttps://wandb.ai/ikunabel/realchords/runs/8mwc68v5[0m
[1;34mwandb[0m: Find logs at: [1;35m../../../../../../hpcwork/thes2192/realchords/logs/my_logs/enc_dec.chord.7sets.seed=1.alpha=0.5/wandb/run-20260724_124655-8mwc68v5/logs[0m
