[INFO] Module Python/3.12.3 loaded.
[INFO] Module FFmpeg/7.0.2 loaded.
[INFO] Module CUDA/12.8.0 loaded.
[rank0]:W0416 15:38:51.418000 460433 .venv/lib/python3.12/site-packages/torch/utils/cpp_extension.py:2425] TORCH_CUDA_ARCH_LIST is not set, all archs for visible cards are included for compilation. 
[rank0]:W0416 15:38:51.418000 460433 .venv/lib/python3.12/site-packages/torch/utils/cpp_extension.py:2425] If this is not desired, please set os.environ['TORCH_CUDA_ARCH_LIST'] to specific architectures.
[rank0]: Traceback (most recent call last):
[rank0]:   File "/rwthfs/rz/cluster/home/yh522379/realchords-pytorch/scripts/train_rl_ensemble_rhythm_reward_offline_anchor_gail.py", line 499, in <module>
[rank0]:     main(args)
[rank0]:   File "/rwthfs/rz/cluster/home/yh522379/realchords-pytorch/.venv/lib/python3.12/site-packages/argbind/argbind.py", line 159, in cmd_func
[rank0]:     return func(*cmd_args, **kwargs)
[rank0]:            ^^^^^^^^^^^^^^^^^^^^^^^^^
[rank0]:   File "/rwthfs/rz/cluster/home/yh522379/realchords-pytorch/scripts/train_rl_ensemble_rhythm_reward_offline_anchor_gail.py", line 223, in main
[rank0]:     load_lit_model(
[rank0]:   File "/rwthfs/rz/cluster/home/yh522379/realchords-pytorch/realchords/utils/inference_utils.py", line 65, in load_lit_model
[rank0]:     lit_module.load_state_dict(state_dict)
[rank0]:   File "/rwthfs/rz/cluster/home/yh522379/realchords-pytorch/.venv/lib/python3.12/site-packages/torch/nn/modules/module.py", line 2624, in load_state_dict
[rank0]:     raise RuntimeError(
[rank0]: RuntimeError: Error(s) in loading state_dict for LitDiscriminativeRewardRhythm:
[rank0]: 	size mismatch for model.encoder.token_emb.emb.weight: copying a param with shape torch.Size([5902, 512]) from checkpoint, the shape in current model is torch.Size([6, 512]).
[rank0]:[W416 15:39:34.137916811 ProcessGroupNCCL.cpp:1538] Warning: WARNING: destroy_process_group() was not called before program exit, which can leak resources. For more info, please see https://pytorch.org/docs/stable/distributed.html#shutdown (function operator())
srun: error: w23g0005: task 0: Exited with exit code 1
