TORCH_EXTENSIONS_DIR=/hpcwork/thes2192/realchords/.cache/torch_extensions
=== toolchain check ===
PATH=/rwthfs/rz/cluster/home/yh522379/realchords-pytorch/.venv/bin:/cvmfs/software.hpc.rwth.de/Linux/RH9/x86_64/intel/sapphirerapids/software/FFmpeg/7.0.2-GCCcore-13.3.0/bin:/cvmfs/software.hpc.rwth.de/Linux/RH9/x86_64/intel/sapphirerapids/software/SDL2/2.30.6-GCCcore-13.3.0/bin:/cvmfs/software.hpc.rwth.de/Linux/RH9/x86_64/intel/sapphirerapids/software/FriBidi/1.0.15-GCCcore-13.3.0/bin:/cvmfs/software.hpc.rwth.de/Linux/RH9/x86_64/intel/sapphirerapids/software/X11/20240607-GCCcore-13.3.0/bin:/cvmfs/software.hpc.rwth.de/Linux/RH9/x86_64/intel/sapphirerapids/software/fontconfig/2.15.0-GCCcore-13.3.0/bin:/cvmfs/software.hpc.rwth.de/Linux/RH9/x86_64/intel/sapphirerapids/software/util-linux/2.40-GCCcore-13.3.0/sbin:/cvmfs/software.hpc.rwth.de/Linux/RH9/x86_64/intel/sapphirerapids/software/util-linux/2.40-GCCcore-13.3.0/bin:/cvmfs/software.hpc.rwth.de/Linux/RH9/x86_64/intel/sapphirerapids/software/freetype/2.13.2-GCCcore-13.3.0/bin:/cvmfs/software.hpc.rwth.de/Linux/RH9/x86_64/intel/sapphirerapids/software/Brotli/1.1.0-GCCcore-13.3.0/bin:/cvmfs/software.hpc.rwth.de/Linux/RH9/x86_64/intel/sapphirerapids/software/libpng/1.6.43-GCCcore-13.3.0/bin:/cvmfs/software.hpc.rwth.de/Linux/RH9/x86_64/intel/sapphirerapids/software/expat/2.6.2-GCCcore-13.3.0/bin:/cvmfs/software.hpc.rwth.de/Linux/RH9/x86_64/intel/sapphirerapids/software/x265/3.6-GCCcore-13.3.0/bin:/cvmfs/software.hpc.rwth.de/Linux/RH9/x86_64/intel/sapphirerapids/software/LAME/3.100-GCCcore-13.3.0/bin:/cvmfs/software.hpc.rwth.de/Linux/RH9/x86_64/intel/sapphirerapids/software/x264/20240513-GCCcore-13.3.0/bin:/cvmfs/software.hpc.rwth.de/Linux/RH9/x86_64/intel/sapphirerapids/software/NASM/2.16.03-GCCcore-13.3.0/bin:/cvmfs/software.hpc.rwth.de/Linux/RH9/x86_64/intel/sapphirerapids/software/Python/3.12.3-GCCcore-13.3.0/bin:/cvmfs/software.hpc.rwth.de/Linux/RH9/x86_64/intel/sapphirerapids/software/OpenSSL/3/bin:/cvmfs/software.hpc.rwth.de/Linux/RH9/x86_64/intel/sapphirerapids/software/XZ/5.4.5-GCCcore-13.3.0/bin:/cvmfs/software.hpc.rwth.de/Linux/RH9/x86_64/intel/sapphirerapids/software/SQLite/3.45.3-GCCcore-13.3.0/bin:/cvmfs/software.hpc.rwth.de/Linux/RH9/x86_64/intel/sapphirerapids/software/Tcl/8.6.14-GCCcore-13.3.0/bin:/cvmfs/software.hpc.rwth.de/Linux/RH9/x86_64/intel/sapphirerapids/software/ncurses/6.5-GCCcore-13.3.0/bin:/cvmfs/software.hpc.rwth.de/Linux/RH9/x86_64/intel/sapphirerapids/software/bzip2/1.0.8-GCCcore-13.3.0/bin:/home/yh522379/.local/bin:/cvmfs/software.hpc.rwth.de/Linux/RH9/x86_64/intel/sapphirerapids/software/impi/2021.13.0-intel-compilers-2024.2.0/mpi/2021.13/libfabric/bin:/cvmfs/software.hpc.rwth.de/Linux/RH9/x86_64/intel/sapphirerapids/software/impi/2021.13.0-intel-compilers-2024.2.0/mpi/2021.13/bin:/cvmfs/software.hpc.rwth.de/Linux/RH9/x86_64/intel/sapphirerapids/software/intel-compilers/2024.2.0/compiler/2024.2/bin:/cvmfs/software.hpc.rwth.de/Linux/RH9/x86_64/intel/sapphirerapids/software/binutils/2.42-GCCcore-13.3.0/bin:/cvmfs/software.hpc.rwth.de/Linux/RH9/x86_64/intel/sapphirerapids/software/GCCcore/13.3.0/bin:/usr/local_host/bin:/usr/local_host/sbin:/usr/local_rwth/bin:/usr/local_rwth/sbin:/usr/bin:/usr/sbin:/bin:/sbin:/opt/singularity/bin:/usr/local/bin:/usr/local/sbin:/opt/slurm/current/sbin:/opt/slurm/current/bin
ffmpeg: /cvmfs/software.hpc.rwth.de/Linux/RH9/x86_64/intel/sapphirerapids/software/FFmpeg/7.0.2-GCCcore-13.3.0/bin/ffmpeg
fluidsynth: /home/yh522379/.local/bin/fluidsynth
ffmpeg version 7.0.2 Copyright (c) 2000-2024 the FFmpeg developers
FluidSynth runtime version 2.5.3
audioread backends: [<class 'audioread.rawread.RawAudioFile'>, <class 'audioread.ffdec.FFmpegAudioFile'>]
=== end toolchain check ===
=== nvidia-smi (job 66995359) ===
Thu Apr 23 13:33:29 2026       
+-----------------------------------------------------------------------------------------+
| NVIDIA-SMI 570.211.01             Driver Version: 570.211.01     CUDA Version: 12.8     |
|-----------------------------------------+------------------------+----------------------+
| GPU  Name                 Persistence-M | Bus-Id          Disp.A | Volatile Uncorr. ECC |
| Fan  Temp   Perf          Pwr:Usage/Cap |           Memory-Usage | GPU-Util  Compute M. |
|                                         |                        |               MIG M. |
|=========================================+========================+======================|
|   0  NVIDIA H100                    On  |   00000000:AD:00.0 Off |                    0 |
| N/A   38C    P0             71W /  700W |       0MiB /  95830MiB |      0%      Default |
|                                         |                        |             Disabled |
+-----------------------------------------+------------------------+----------------------+
                                                                                         
+-----------------------------------------------------------------------------------------+
| Processes:                                                                              |
|  GPU   GI   CI              PID   Type   Process name                        GPU Memory |
|        ID   ID                                                               Usage      |
|=========================================================================================|
|  No running processes found                                                             |
+-----------------------------------------------------------------------------------------+
=== end nvidia-smi ===
=== Loading Weighted Joint Dataset ===
Datasets: hooktheory, wikifonia, pop909, nottingham
Weights: [0.5, 0.2, 0.2, 0.1]
Split: train
Augmentation: True

Loading hooktheory (weight: 50.0%)...
2026-04-23 13:34:39 - realchords - INFO - Data cache dir: /rwthfs/rz/cluster/home/yh522379/realchords-pytorch/data/cache/hooktheory
2026-04-23 13:34:40 - realchords - INFO - Time taken to load dataset: 1.54 seconds
2026-04-23 13:34:40 - realchords - INFO - Loaded 2821 chord names from data/cache/chord_names_augmented.json
2026-04-23 13:34:40 - realchords - INFO - Loaded 247676 items
  hooktheory: 247,676 items (1.6s)
Loading wikifonia (weight: 20.0%)...
2026-04-23 13:34:40 - realchords - INFO - Data cache dir: /rwthfs/rz/cluster/home/yh522379/realchords-pytorch/data/cache/wikifonia
2026-04-23 13:34:40 - realchords - INFO - Time taken to load dataset: 0.09 seconds
2026-04-23 13:34:40 - realchords - INFO - Loaded 2821 chord names from data/cache/chord_names_augmented.json
2026-04-23 13:34:40 - realchords - INFO - Loaded 5213 items
  wikifonia: 5,213 items (0.1s)
Loading pop909 (weight: 20.0%)...
2026-04-23 13:34:40 - realchords - INFO - Data cache dir: /rwthfs/rz/cluster/home/yh522379/realchords-pytorch/data/cache/pop909
2026-04-23 13:34:41 - realchords - INFO - Time taken to load dataset: 0.39 seconds
2026-04-23 13:34:41 - realchords - INFO - Loaded 2821 chord names from data/cache/chord_names_augmented.json
2026-04-23 13:34:41 - realchords - INFO - Loaded 9451 items
  pop909: 9,451 items (0.4s)
Loading nottingham (weight: 10.0%)...
2026-04-23 13:34:41 - realchords - INFO - Data cache dir: /rwthfs/rz/cluster/home/yh522379/realchords-pytorch/data/cache/nottingham
2026-04-23 13:34:41 - realchords - INFO - Time taken to load dataset: 0.14 seconds
2026-04-23 13:34:41 - realchords - INFO - Loaded 2821 chord names from data/cache/chord_names_augmented.json
2026-04-23 13:34:41 - realchords - INFO - Loaded 10595 items
  nottingham: 10,595 items (0.1s)
Using RepeatableWeightedSampler for training split.

Weighted joint dataset created:
   Total items: 272,935
   Sampling weights: {'hooktheory': 0.5, 'wikifonia': 0.2, 'pop909': 0.2, 'nottingham': 0.1}
=== Loading Weighted Joint Dataset ===
Datasets: hooktheory, wikifonia, pop909, nottingham
Weights: [0.5, 0.2, 0.2, 0.1]
Split: valid
Augmentation: True

Loading hooktheory (weight: 50.0%)...
2026-04-23 13:34:41 - realchords - INFO - Data cache dir: /rwthfs/rz/cluster/home/yh522379/realchords-pytorch/data/cache/hooktheory
2026-04-23 13:34:41 - realchords - INFO - Time taken to load dataset: 0.03 seconds
2026-04-23 13:34:41 - realchords - INFO - Loaded 2821 chord names from data/cache/chord_names_augmented.json
2026-04-23 13:34:41 - realchords - INFO - Loaded 1943 items
  hooktheory: 1,943 items (0.0s)
Loading wikifonia (weight: 20.0%)...
2026-04-23 13:34:41 - realchords - INFO - Data cache dir: /rwthfs/rz/cluster/home/yh522379/realchords-pytorch/data/cache/wikifonia
2026-04-23 13:34:41 - realchords - INFO - Time taken to load dataset: 0.01 seconds
2026-04-23 13:34:41 - realchords - INFO - Loaded 2821 chord names from data/cache/chord_names_augmented.json
2026-04-23 13:34:41 - realchords - INFO - Loaded 50 items
  wikifonia: 50 items (0.0s)
Loading pop909 (weight: 20.0%)...
2026-04-23 13:34:41 - realchords - INFO - Data cache dir: /rwthfs/rz/cluster/home/yh522379/realchords-pytorch/data/cache/pop909
2026-04-23 13:34:41 - realchords - INFO - Time taken to load dataset: 0.03 seconds
2026-04-23 13:34:41 - realchords - INFO - Loaded 2821 chord names from data/cache/chord_names_augmented.json
2026-04-23 13:34:41 - realchords - INFO - Loaded 90 items
  pop909: 90 items (0.0s)
Loading nottingham (weight: 10.0%)...
2026-04-23 13:34:41 - realchords - INFO - Data cache dir: /rwthfs/rz/cluster/home/yh522379/realchords-pytorch/data/cache/nottingham
2026-04-23 13:34:41 - realchords - INFO - Time taken to load dataset: 0.02 seconds
2026-04-23 13:34:41 - realchords - INFO - Loaded 2821 chord names from data/cache/chord_names_augmented.json
2026-04-23 13:34:41 - realchords - INFO - Loaded 101 items
  nottingham: 101 items (0.0s)
Using deterministic weighted interleaving for eval (no sampler).

Weighted joint dataset created:
   Total items: 2,184
   Sampling weights: {'hooktheory': 0.5, 'wikifonia': 0.2, 'pop909': 0.2, 'nottingham': 0.1}
Note: 'shuffle' is ignored for train since a sampler is used.
┏━━━┳━━━━━━━┳━━━━━━━━━━━━━━━━━┳━━━━━━━━┳━━━━━━━┳━━━━━━━┓
┃   ┃ Name  ┃ Type            ┃ Params ┃ Mode  ┃ FLOPs ┃
┡━━━╇━━━━━━━╇━━━━━━━━━━━━━━━━━╇━━━━━━━━╇━━━━━━━╇━━━━━━━┩
│ 0 │ model │ OptimizedModule │ 39.6 M │ train │     0 │
└───┴───────┴─────────────────┴────────┴───────┴───────┘
Trainable params: 39.6 M                                                        
Non-trainable params: 0                                                         
Total params: 39.6 M                                                            
Total estimated model params size (MB): 158                                     
Modules in train mode: 224                                                      
Modules in eval mode: 0                                                         
Total FLOPs: 0                                                                  
targets shape: torch.Size([64, 513])
Time to generate: 9.441856384277344
2026-04-23 13:35:31 - realchords - ERROR - Error converting to MIDI: Invalid melody frame: CHORD_ON_A5(addb7)(#11)/Eb
2026-04-23 13:35:31 - realchords - ERROR - Error converting to MIDI: Chord off without chord on: Bb+7/D -> Asus7(#11)/Eb
2026-04-23 13:35:32 - realchords - ERROR - Error converting to MIDI: Invalid melody frame: CHORD_ON_E7(#9)
2026-04-23 13:35:32 - realchords - ERROR - Error converting to MIDI: Invalid chord frame: NOTE_ON_0
2026-04-23 13:35:32 - realchords - ERROR - Error converting to MIDI: Invalid melody frame: CHORD_Abmmaj7(add2)/B
2026-04-23 13:35:32 - realchords - ERROR - Error converting to MIDI: Chord off without chord on: Bped(add3)(addb5) -> E(addb2)/Ab
2026-04-23 13:35:32 - realchords - ERROR - Error converting to MIDI: Invalid melody frame: CHORD_ON_Aped(add2)(addb7)(add3)
2026-04-23 13:35:32 - realchords - ERROR - Error converting to MIDI: Chord off without chord on: G(#9)/B -> B5/Gb
2026-04-23 13:35:32 - realchords - ERROR - Error converting to MIDI: Invalid melody frame: CHORD_ON_Db+7(#9)
2026-04-23 13:35:32 - realchords - ERROR - Error converting to MIDI: Chord off without chord on: Go -> Eb+
2026-04-23 13:35:33 - realchords - ERROR - Error converting to MIDI: Invalid melody frame: CHORD_ON_Fm6(add2)
2026-04-23 13:35:33 - realchords - ERROR - Error converting to MIDI: Chord off without chord on: Ab6/9(addb2)(#11)/F -> Abmmaj7/B
2026-04-23 13:35:33 - realchords - ERROR - Error converting to MIDI: Invalid melody frame: CHORD_Gmmaj7(#11)(add6)
2026-04-23 13:35:33 - realchords - ERROR - Error converting to MIDI: Chord off without chord on: Ebo7 -> Db9(add6)/Ab
2026-04-23 13:35:33 - realchords - ERROR - Error converting to MIDI: Invalid melody frame: CHORD_Gm11
2026-04-23 13:35:33 - realchords - ERROR - Error converting to MIDI: Chord off without chord on: Dm7b5(add6) -> B5(addb2)/Gb
targets shape: torch.Size([64, 513])
Time to generate: 8.702462673187256
2026-04-23 13:47:11 - realchords - ERROR - Error converting to MIDI: Note off without note on: 73 -> 70
2026-04-23 13:47:12 - realchords - ERROR - Error converting to MIDI: Note off without note on: 60 -> 69
2026-04-23 13:47:14 - realchords - ERROR - Error converting to MIDI: Chord off without chord on: Bbsus -> Fm7
2026-04-23 13:47:15 - realchords - ERROR - Error converting to MIDI: Chord off without chord on: E -> Abm
Epoch 0/-2 ━━╸             5199/30000 0:12:07 •       7.73it/s v_num: 8grq      
                                      0:53:29                  train/loss: 0.411
                                                               grad_norm: 0.223 
                                                               val/loss: 0.482  
                                                               val/acc: 0.613   
[1;34mwandb[0m: 
[1;34mwandb[0m: 🚀 View run [33mdecoder_only_online_melody_4_datasets[0m at: [34mhttps://wandb.ai/ikunabel/realchords/runs/pxkq8grq[0m
[1;34mwandb[0m: Find logs at: [1;35m../../../../../../hpcwork/thes2192/realchords/logs/my_logs/decoder_only_online_melody_4_datasets/wandb/run-20260423_133455-pxkq8grq/logs[0m
