=== toolchain check ===
PATH=/rwthfs/rz/cluster/home/yh522379/realchords-pytorch/.venv/bin:/cvmfs/software.hpc.rwth.de/Linux/RH9/x86_64/intel/sapphirerapids/software/FFmpeg/7.0.2-GCCcore-13.3.0/bin:/cvmfs/software.hpc.rwth.de/Linux/RH9/x86_64/intel/sapphirerapids/software/SDL2/2.30.6-GCCcore-13.3.0/bin:/cvmfs/software.hpc.rwth.de/Linux/RH9/x86_64/intel/sapphirerapids/software/FriBidi/1.0.15-GCCcore-13.3.0/bin:/cvmfs/software.hpc.rwth.de/Linux/RH9/x86_64/intel/sapphirerapids/software/X11/20240607-GCCcore-13.3.0/bin:/cvmfs/software.hpc.rwth.de/Linux/RH9/x86_64/intel/sapphirerapids/software/fontconfig/2.15.0-GCCcore-13.3.0/bin:/cvmfs/software.hpc.rwth.de/Linux/RH9/x86_64/intel/sapphirerapids/software/util-linux/2.40-GCCcore-13.3.0/sbin:/cvmfs/software.hpc.rwth.de/Linux/RH9/x86_64/intel/sapphirerapids/software/util-linux/2.40-GCCcore-13.3.0/bin:/cvmfs/software.hpc.rwth.de/Linux/RH9/x86_64/intel/sapphirerapids/software/freetype/2.13.2-GCCcore-13.3.0/bin:/cvmfs/software.hpc.rwth.de/Linux/RH9/x86_64/intel/sapphirerapids/software/Brotli/1.1.0-GCCcore-13.3.0/bin:/cvmfs/software.hpc.rwth.de/Linux/RH9/x86_64/intel/sapphirerapids/software/libpng/1.6.43-GCCcore-13.3.0/bin:/cvmfs/software.hpc.rwth.de/Linux/RH9/x86_64/intel/sapphirerapids/software/expat/2.6.2-GCCcore-13.3.0/bin:/cvmfs/software.hpc.rwth.de/Linux/RH9/x86_64/intel/sapphirerapids/software/x265/3.6-GCCcore-13.3.0/bin:/cvmfs/software.hpc.rwth.de/Linux/RH9/x86_64/intel/sapphirerapids/software/LAME/3.100-GCCcore-13.3.0/bin:/cvmfs/software.hpc.rwth.de/Linux/RH9/x86_64/intel/sapphirerapids/software/x264/20240513-GCCcore-13.3.0/bin:/cvmfs/software.hpc.rwth.de/Linux/RH9/x86_64/intel/sapphirerapids/software/NASM/2.16.03-GCCcore-13.3.0/bin:/cvmfs/software.hpc.rwth.de/Linux/RH9/x86_64/intel/sapphirerapids/software/Python/3.12.3-GCCcore-13.3.0/bin:/cvmfs/software.hpc.rwth.de/Linux/RH9/x86_64/intel/sapphirerapids/software/OpenSSL/3/bin:/cvmfs/software.hpc.rwth.de/Linux/RH9/x86_64/intel/sapphirerapids/software/XZ/5.4.5-GCCcore-13.3.0/bin:/cvmfs/software.hpc.rwth.de/Linux/RH9/x86_64/intel/sapphirerapids/software/SQLite/3.45.3-GCCcore-13.3.0/bin:/cvmfs/software.hpc.rwth.de/Linux/RH9/x86_64/intel/sapphirerapids/software/Tcl/8.6.14-GCCcore-13.3.0/bin:/cvmfs/software.hpc.rwth.de/Linux/RH9/x86_64/intel/sapphirerapids/software/ncurses/6.5-GCCcore-13.3.0/bin:/cvmfs/software.hpc.rwth.de/Linux/RH9/x86_64/intel/sapphirerapids/software/bzip2/1.0.8-GCCcore-13.3.0/bin:/home/yh522379/.local/bin:/cvmfs/software.hpc.rwth.de/Linux/RH9/x86_64/intel/sapphirerapids/software/impi/2021.13.0-intel-compilers-2024.2.0/mpi/2021.13/libfabric/bin:/cvmfs/software.hpc.rwth.de/Linux/RH9/x86_64/intel/sapphirerapids/software/impi/2021.13.0-intel-compilers-2024.2.0/mpi/2021.13/bin:/cvmfs/software.hpc.rwth.de/Linux/RH9/x86_64/intel/sapphirerapids/software/intel-compilers/2024.2.0/compiler/2024.2/bin:/cvmfs/software.hpc.rwth.de/Linux/RH9/x86_64/intel/sapphirerapids/software/binutils/2.42-GCCcore-13.3.0/bin:/cvmfs/software.hpc.rwth.de/Linux/RH9/x86_64/intel/sapphirerapids/software/GCCcore/13.3.0/bin:/usr/local_host/bin:/usr/local_host/sbin:/usr/local_rwth/bin:/usr/local_rwth/sbin:/usr/bin:/usr/sbin:/bin:/sbin:/opt/singularity/bin:/usr/local/bin:/usr/local/sbin:/opt/slurm/current/sbin:/opt/slurm/current/bin
ffmpeg: /cvmfs/software.hpc.rwth.de/Linux/RH9/x86_64/intel/sapphirerapids/software/FFmpeg/7.0.2-GCCcore-13.3.0/bin/ffmpeg
fluidsynth: /home/yh522379/.local/bin/fluidsynth
ffmpeg version 7.0.2 Copyright (c) 2000-2024 the FFmpeg developers
FluidSynth runtime version 2.5.3
audioread backends: [<class 'audioread.rawread.RawAudioFile'>, <class 'audioread.ffdec.FFmpegAudioFile'>]
=== end toolchain check ===
=== nvidia-smi (job 66602432) ===
Thu Apr  9 23:05:42 2026       
+-----------------------------------------------------------------------------------------+
| NVIDIA-SMI 570.211.01             Driver Version: 570.211.01     CUDA Version: 12.8     |
|-----------------------------------------+------------------------+----------------------+
| GPU  Name                 Persistence-M | Bus-Id          Disp.A | Volatile Uncorr. ECC |
| Fan  Temp   Perf          Pwr:Usage/Cap |           Memory-Usage | GPU-Util  Compute M. |
|                                         |                        |               MIG M. |
|=========================================+========================+======================|
|   0  NVIDIA H100                    On  |   00000000:1B:00.0 Off |                    0 |
| N/A   36C    P0             70W /  700W |       0MiB /  95830MiB |      0%      Default |
|                                         |                        |             Disabled |
+-----------------------------------------+------------------------+----------------------+
                                                                                         
+-----------------------------------------------------------------------------------------+
| Processes:                                                                              |
|  GPU   GI   CI              PID   Type   Process name                        GPU Memory |
|        ID   ID                                                               Usage      |
|=========================================================================================|
|  No running processes found                                                             |
+-----------------------------------------------------------------------------------------+
=== end nvidia-smi ===
=== Loading Weighted Joint Dataset ===
Datasets: hooktheory, pop909, nottingham
Weights: [0.6, 0.3, 0.1]
Split: train
Augmentation: True

Loading hooktheory (weight: 60.0%)...
2026-04-09 23:06:28 - realchords - INFO - Data cache dir: /rwthfs/rz/cluster/home/yh522379/realchords-pytorch/data/cache/hooktheory
2026-04-09 23:06:29 - realchords - INFO - Time taken to load dataset: 1.39 seconds
2026-04-09 23:06:29 - realchords - INFO - Loaded 2821 chord names from data/cache/chord_names_augmented.json
2026-04-09 23:06:29 - realchords - INFO - Loaded 247676 items
  hooktheory: 247,676 items (1.4s)
Loading pop909 (weight: 30.0%)...
2026-04-09 23:06:29 - realchords - INFO - Data cache dir: /rwthfs/rz/cluster/home/yh522379/realchords-pytorch/data/cache/pop909
2026-04-09 23:06:29 - realchords - INFO - Time taken to load dataset: 0.45 seconds
2026-04-09 23:06:29 - realchords - INFO - Loaded 2821 chord names from data/cache/chord_names_augmented.json
2026-04-09 23:06:29 - realchords - INFO - Loaded 9451 items
  pop909: 9,451 items (0.5s)
Loading nottingham (weight: 10.0%)...
2026-04-09 23:06:29 - realchords - INFO - Data cache dir: /rwthfs/rz/cluster/home/yh522379/realchords-pytorch/data/cache/nottingham
2026-04-09 23:06:30 - realchords - INFO - Time taken to load dataset: 0.16 seconds
2026-04-09 23:06:30 - realchords - INFO - Loaded 2821 chord names from data/cache/chord_names_augmented.json
2026-04-09 23:06:30 - realchords - INFO - Loaded 10595 items
  nottingham: 10,595 items (0.2s)
Using RepeatableWeightedSampler for training split.

Weighted joint dataset created:
   Total items: 267,722
   Sampling weights: {'hooktheory': 0.6, 'pop909': 0.3, 'nottingham': 0.1}
=== Loading Weighted Joint Dataset ===
Datasets: hooktheory, pop909, nottingham
Weights: [0.6, 0.3, 0.1]
Split: valid
Augmentation: True

Loading hooktheory (weight: 60.0%)...
2026-04-09 23:06:30 - realchords - INFO - Data cache dir: /rwthfs/rz/cluster/home/yh522379/realchords-pytorch/data/cache/hooktheory
2026-04-09 23:06:30 - realchords - INFO - Time taken to load dataset: 0.04 seconds
2026-04-09 23:06:30 - realchords - INFO - Loaded 2821 chord names from data/cache/chord_names_augmented.json
2026-04-09 23:06:30 - realchords - INFO - Loaded 1943 items
  hooktheory: 1,943 items (0.0s)
Loading pop909 (weight: 30.0%)...
2026-04-09 23:06:30 - realchords - INFO - Data cache dir: /rwthfs/rz/cluster/home/yh522379/realchords-pytorch/data/cache/pop909
2026-04-09 23:06:30 - realchords - INFO - Time taken to load dataset: 0.02 seconds
2026-04-09 23:06:30 - realchords - INFO - Loaded 2821 chord names from data/cache/chord_names_augmented.json
2026-04-09 23:06:30 - realchords - INFO - Loaded 90 items
  pop909: 90 items (0.0s)
Loading nottingham (weight: 10.0%)...
2026-04-09 23:06:30 - realchords - INFO - Data cache dir: /rwthfs/rz/cluster/home/yh522379/realchords-pytorch/data/cache/nottingham
2026-04-09 23:06:30 - realchords - INFO - Time taken to load dataset: 0.01 seconds
2026-04-09 23:06:30 - realchords - INFO - Loaded 2821 chord names from data/cache/chord_names_augmented.json
2026-04-09 23:06:30 - realchords - INFO - Loaded 101 items
  nottingham: 101 items (0.0s)
Using deterministic weighted interleaving for eval (no sampler).

Weighted joint dataset created:
   Total items: 2,134
   Sampling weights: {'hooktheory': 0.6, 'pop909': 0.3, 'nottingham': 0.1}
Note: 'shuffle' is ignored for train since a sampler is used.
┏━━━┳━━━━━━━┳━━━━━━━━━━━━━━━━━┳━━━━━━━━┳━━━━━━━┳━━━━━━━┓
┃   ┃ Name  ┃ Type            ┃ Params ┃ Mode  ┃ FLOPs ┃
┡━━━╇━━━━━━━╇━━━━━━━━━━━━━━━━━╇━━━━━━━━╇━━━━━━━╇━━━━━━━┩
│ 0 │ model │ OptimizedModule │ 39.6 M │ train │     0 │
└───┴───────┴─────────────────┴────────┴───────┴───────┘
Trainable params: 39.6 M                                                        
Non-trainable params: 0                                                         
Total params: 39.6 M                                                            
Total estimated model params size (MB): 158                                     
Modules in train mode: 224                                                      
Modules in eval mode: 0                                                         
Total FLOPs: 0                                                                  
targets shape: torch.Size([64, 513])
Time to generate: 9.363223791122437
2026-04-09 23:07:14 - realchords - ERROR - Error converting to MIDI: Chord off without chord on: Ao7 -> C7/F
2026-04-09 23:07:14 - realchords - ERROR - Error converting to MIDI: Chord off without chord on: Dped(addb7)(add3) -> A6/9(#11)/Db
2026-04-09 23:07:14 - realchords - ERROR - Error converting to MIDI: Chord off without chord on: Gped(addb7)(add3) -> Eb7(add4)/Ab
2026-04-09 23:07:14 - realchords - ERROR - Error converting to MIDI: Invalid chord frame: NOTE_ON_100
2026-04-09 23:07:15 - realchords - ERROR - Error converting to MIDI: Chord off without chord on: Bbm9/Ab -> Am9(add6)/C
2026-04-09 23:07:15 - realchords - ERROR - Error converting to MIDI: Chord off without chord on: Gsus2(add4)(#11)(add7) -> Dbo7(b13)
2026-04-09 23:07:15 - realchords - ERROR - Error converting to MIDI: Chord off without chord on: Dbped(add#5)(#11) -> Ebped(addb5)
2026-04-09 23:07:15 - realchords - ERROR - Error converting to MIDI: Invalid chord frame: NOTE_111
2026-04-09 23:07:15 - realchords - ERROR - Error converting to MIDI: Chord off without chord on: G6 -> Eb11/Ab
2026-04-09 23:07:15 - realchords - ERROR - Error converting to MIDI: Chord off without chord on: E11(b13)/C -> Fm7b5(addb2)
2026-04-09 23:07:15 - realchords - ERROR - Error converting to MIDI: Chord off without chord on: Dm11 -> Bm(addb2)(add4)/C
2026-04-09 23:07:15 - realchords - ERROR - Error converting to MIDI: Chord off without chord on: Cm6/Eb -> Ab5(addb7)(#11)/D
2026-04-09 23:07:16 - realchords - ERROR - Error converting to MIDI: Chord off without chord on: Gmaj7(addb2) -> D5(add7)/A
2026-04-09 23:07:16 - realchords - ERROR - Error converting to MIDI: Chord off without chord on: Dped(add#5)(#11) -> Cped(add3)
2026-04-09 23:07:16 - realchords - ERROR - Error converting to MIDI: Chord off without chord on: Bbm(addb2) -> Bm(add2)(#11)
2026-04-09 23:07:16 - realchords - ERROR - Error converting to MIDI: Chord off without chord on: Abm(add2)(#11) -> Absus(add7)
targets shape: torch.Size([64, 513])
Time to generate: 9.290588140487671
2026-04-09 23:18:47 - realchords - ERROR - Error converting to MIDI: Invalid chord frame: NOTE_ON_64
2026-04-09 23:18:49 - realchords - ERROR - Error converting to MIDI: Chord off without chord on: D11 -> C
2026-04-09 23:18:50 - realchords - ERROR - Error converting to MIDI: Chord off without chord on: Bo -> G+
2026-04-09 23:18:50 - realchords - ERROR - Error converting to MIDI: Note off without note on: 97 -> 101
2026-04-09 23:18:50 - realchords - ERROR - Error converting to MIDI: Chord off without chord on: Bbm7 -> Ebmmaj7
2026-04-09 23:18:50 - realchords - ERROR - Error converting to MIDI: Chord off without chord on: C -> Dbm7b5
2026-04-09 23:18:51 - realchords - ERROR - Error converting to MIDI: Chord off without chord on: Gbsus2 -> Db5(#11)
2026-04-09 23:18:51 - realchords - ERROR - Error converting to MIDI: Invalid chord frame: NOTE_78
targets shape: torch.Size([64, 513])
Time to generate: 9.288609266281128
2026-04-09 23:30:07 - realchords - ERROR - Error converting to MIDI: Chord off without chord on: Ab7(addb2) -> Fm9
targets shape: torch.Size([64, 513])
Time to generate: 9.264326095581055
2026-04-09 23:41:24 - realchords - ERROR - Error converting to MIDI: Chord off without chord on: Bb -> D
2026-04-09 23:41:27 - realchords - ERROR - Error converting to MIDI: Note off without note on: 53 -> 65
2026-04-09 23:41:27 - realchords - ERROR - Error converting to MIDI: Chord off without chord on: Db7 -> F7
2026-04-09 23:41:28 - realchords - ERROR - Error converting to MIDI: Chord off without chord on: Esus2 -> G6
targets shape: torch.Size([64, 513])
Time to generate: 9.24909496307373
2026-04-09 23:52:47 - realchords - ERROR - Error converting to MIDI: Chord off without chord on: F -> Cm
2026-04-09 23:52:47 - realchords - ERROR - Error converting to MIDI: Note off without note on: 65 -> 67
2026-04-09 23:52:47 - realchords - ERROR - Error converting to MIDI: Note off without note on: 57 -> 52
2026-04-09 23:52:51 - realchords - ERROR - Error converting to MIDI: Invalid chord frame: NOTE_ON_78
targets shape: torch.Size([64, 513])
Time to generate: 9.30107831954956
2026-04-10 00:04:13 - realchords - ERROR - Error converting to MIDI: Chord off without chord on: F -> Fm
targets shape: torch.Size([64, 513])
Time to generate: 9.272865295410156
2026-04-10 00:15:31 - realchords - ERROR - Error converting to MIDI: Chord off without chord on: Em7 -> Em
2026-04-10 00:15:33 - realchords - ERROR - Error converting to MIDI: Invalid chord frame: NOTE_ON_69
Epoch 0/-2 ━━━━━━━━━━━━━━━ 30000/30000 1:07:59 •       7.66it/s v_num: zp7q     
                                       0:00:00                  train/loss:     
                                                                0.174 grad_norm:
                                                                0.330 val/loss: 
                                                                0.577 val/acc:  
                                                                0.605           
[1;34mwandb[0m: 
[1;34mwandb[0m: 🚀 View run [33mdecoder_only_online_chord_3_datasets[0m at: [34mhttps://wandb.ai/ikunabel/realchords/runs/t7frzp7q[0m
[1;34mwandb[0m: Find logs at: [1;35m../../../../../../hpcwork/thes2192/realchords/logs/my_logs/decoder_only_online_chord_3_datasets/wandb/run-20260409_230646-t7frzp7q/logs[0m
