TORCH_EXTENSIONS_DIR=/hpcwork/thes2192/realchords/.cache/torch_extensions
=== toolchain check ===
PATH=/rwthfs/rz/cluster/home/yh522379/realchords-pytorch/.venv/bin:/cvmfs/software.hpc.rwth.de/Linux/RH9/x86_64/intel/sapphirerapids/software/FFmpeg/7.0.2-GCCcore-13.3.0/bin:/cvmfs/software.hpc.rwth.de/Linux/RH9/x86_64/intel/sapphirerapids/software/SDL2/2.30.6-GCCcore-13.3.0/bin:/cvmfs/software.hpc.rwth.de/Linux/RH9/x86_64/intel/sapphirerapids/software/FriBidi/1.0.15-GCCcore-13.3.0/bin:/cvmfs/software.hpc.rwth.de/Linux/RH9/x86_64/intel/sapphirerapids/software/X11/20240607-GCCcore-13.3.0/bin:/cvmfs/software.hpc.rwth.de/Linux/RH9/x86_64/intel/sapphirerapids/software/fontconfig/2.15.0-GCCcore-13.3.0/bin:/cvmfs/software.hpc.rwth.de/Linux/RH9/x86_64/intel/sapphirerapids/software/util-linux/2.40-GCCcore-13.3.0/sbin:/cvmfs/software.hpc.rwth.de/Linux/RH9/x86_64/intel/sapphirerapids/software/util-linux/2.40-GCCcore-13.3.0/bin:/cvmfs/software.hpc.rwth.de/Linux/RH9/x86_64/intel/sapphirerapids/software/freetype/2.13.2-GCCcore-13.3.0/bin:/cvmfs/software.hpc.rwth.de/Linux/RH9/x86_64/intel/sapphirerapids/software/Brotli/1.1.0-GCCcore-13.3.0/bin:/cvmfs/software.hpc.rwth.de/Linux/RH9/x86_64/intel/sapphirerapids/software/libpng/1.6.43-GCCcore-13.3.0/bin:/cvmfs/software.hpc.rwth.de/Linux/RH9/x86_64/intel/sapphirerapids/software/expat/2.6.2-GCCcore-13.3.0/bin:/cvmfs/software.hpc.rwth.de/Linux/RH9/x86_64/intel/sapphirerapids/software/x265/3.6-GCCcore-13.3.0/bin:/cvmfs/software.hpc.rwth.de/Linux/RH9/x86_64/intel/sapphirerapids/software/LAME/3.100-GCCcore-13.3.0/bin:/cvmfs/software.hpc.rwth.de/Linux/RH9/x86_64/intel/sapphirerapids/software/x264/20240513-GCCcore-13.3.0/bin:/cvmfs/software.hpc.rwth.de/Linux/RH9/x86_64/intel/sapphirerapids/software/NASM/2.16.03-GCCcore-13.3.0/bin:/cvmfs/software.hpc.rwth.de/Linux/RH9/x86_64/intel/sapphirerapids/software/Python/3.12.3-GCCcore-13.3.0/bin:/cvmfs/software.hpc.rwth.de/Linux/RH9/x86_64/intel/sapphirerapids/software/OpenSSL/3/bin:/cvmfs/software.hpc.rwth.de/Linux/RH9/x86_64/intel/sapphirerapids/software/XZ/5.4.5-GCCcore-13.3.0/bin:/cvmfs/software.hpc.rwth.de/Linux/RH9/x86_64/intel/sapphirerapids/software/SQLite/3.45.3-GCCcore-13.3.0/bin:/cvmfs/software.hpc.rwth.de/Linux/RH9/x86_64/intel/sapphirerapids/software/Tcl/8.6.14-GCCcore-13.3.0/bin:/cvmfs/software.hpc.rwth.de/Linux/RH9/x86_64/intel/sapphirerapids/software/ncurses/6.5-GCCcore-13.3.0/bin:/cvmfs/software.hpc.rwth.de/Linux/RH9/x86_64/intel/sapphirerapids/software/bzip2/1.0.8-GCCcore-13.3.0/bin:/home/yh522379/.local/bin:/cvmfs/software.hpc.rwth.de/Linux/RH9/x86_64/intel/sapphirerapids/software/impi/2021.13.0-intel-compilers-2024.2.0/mpi/2021.13/libfabric/bin:/cvmfs/software.hpc.rwth.de/Linux/RH9/x86_64/intel/sapphirerapids/software/impi/2021.13.0-intel-compilers-2024.2.0/mpi/2021.13/bin:/cvmfs/software.hpc.rwth.de/Linux/RH9/x86_64/intel/sapphirerapids/software/intel-compilers/2024.2.0/compiler/2024.2/bin:/cvmfs/software.hpc.rwth.de/Linux/RH9/x86_64/intel/sapphirerapids/software/binutils/2.42-GCCcore-13.3.0/bin:/cvmfs/software.hpc.rwth.de/Linux/RH9/x86_64/intel/sapphirerapids/software/GCCcore/13.3.0/bin:/usr/local_host/bin:/usr/local_host/sbin:/usr/local_rwth/bin:/usr/local_rwth/sbin:/usr/bin:/usr/sbin:/bin:/sbin:/opt/singularity/bin:/usr/local/bin:/usr/local/sbin:/opt/slurm/current/sbin:/opt/slurm/current/bin
ffmpeg: /cvmfs/software.hpc.rwth.de/Linux/RH9/x86_64/intel/sapphirerapids/software/FFmpeg/7.0.2-GCCcore-13.3.0/bin/ffmpeg
fluidsynth: /home/yh522379/.local/bin/fluidsynth
ffmpeg version 7.0.2 Copyright (c) 2000-2024 the FFmpeg developers
FluidSynth runtime version 2.5.3
audioread backends: [<class 'audioread.rawread.RawAudioFile'>, <class 'audioread.ffdec.FFmpegAudioFile'>]
=== end toolchain check ===
=== nvidia-smi (job 981677) ===
Wed Jun 10 22:54:47 2026       
+-----------------------------------------------------------------------------------------+
| NVIDIA-SMI 570.211.01             Driver Version: 570.211.01     CUDA Version: 12.8     |
|-----------------------------------------+------------------------+----------------------+
| GPU  Name                 Persistence-M | Bus-Id          Disp.A | Volatile Uncorr. ECC |
| Fan  Temp   Perf          Pwr:Usage/Cap |           Memory-Usage | GPU-Util  Compute M. |
|                                         |                        |               MIG M. |
|=========================================+========================+======================|
|   0  NVIDIA H100                    On  |   00000000:2C:00.0 Off |                    0 |
| N/A   46C    P0             72W /  700W |       0MiB /  95830MiB |      0%      Default |
|                                         |                        |             Disabled |
+-----------------------------------------+------------------------+----------------------+
                                                                                         
+-----------------------------------------------------------------------------------------+
| Processes:                                                                              |
|  GPU   GI   CI              PID   Type   Process name                        GPU Memory |
|        ID   ID                                                               Usage      |
|=========================================================================================|
|  No running processes found                                                             |
+-----------------------------------------------------------------------------------------+
=== end nvidia-smi ===
=== running array task 5/8: nottingham_melody_vs_mle_chord_3_datasets ===
Mode: melody_data_vs_mle_chord
Switching mode: False
Mel source: melody_data
Chord source: mle_chord
2026-06-10 22:55:43 - realchords - INFO - Loading model from /hpcwork/thes2192/realchords/logs/my_logs/decoder_only_online_melody_4_datasets/step=11000.ckpt
=== Loading Weighted Joint Dataset ===
Datasets: hooktheory, wikifonia, pop909, nottingham
Weights: [0.5, 0.2, 0.2, 0.1]
Split: train
Augmentation: True

Loading hooktheory (weight: 50.0%)...
2026-06-10 22:55:43 - realchords - INFO - Data cache dir: /rwthfs/rz/cluster/home/yh522379/realchords-pytorch/data/cache/hooktheory
2026-06-10 22:55:46 - realchords - INFO - Time taken to load dataset: 2.29 seconds
2026-06-10 22:55:46 - realchords - INFO - Loaded 2821 chord names from data/cache/chord_names_augmented.json
2026-06-10 22:55:46 - realchords - INFO - Loaded 247676 items
  hooktheory: 247,676 items (2.3s)
Loading wikifonia (weight: 20.0%)...
2026-06-10 22:55:46 - realchords - INFO - Data cache dir: /rwthfs/rz/cluster/home/yh522379/realchords-pytorch/data/cache/wikifonia
2026-06-10 22:55:46 - realchords - INFO - Time taken to load dataset: 0.11 seconds
2026-06-10 22:55:46 - realchords - INFO - Loaded 2821 chord names from data/cache/chord_names_augmented.json
2026-06-10 22:55:46 - realchords - INFO - Loaded 5213 items
  wikifonia: 5,213 items (0.1s)
Loading pop909 (weight: 20.0%)...
2026-06-10 22:55:46 - realchords - INFO - Data cache dir: /rwthfs/rz/cluster/home/yh522379/realchords-pytorch/data/cache/pop909
2026-06-10 22:55:46 - realchords - INFO - Time taken to load dataset: 0.44 seconds
2026-06-10 22:55:46 - realchords - INFO - Loaded 2821 chord names from data/cache/chord_names_augmented.json
2026-06-10 22:55:46 - realchords - INFO - Loaded 9451 items
  pop909: 9,451 items (0.4s)
Loading nottingham (weight: 10.0%)...
2026-06-10 22:55:46 - realchords - INFO - Data cache dir: /rwthfs/rz/cluster/home/yh522379/realchords-pytorch/data/cache/nottingham
2026-06-10 22:55:47 - realchords - INFO - Time taken to load dataset: 0.23 seconds
2026-06-10 22:55:47 - realchords - INFO - Loaded 2821 chord names from data/cache/chord_names_augmented.json
2026-06-10 22:55:47 - realchords - INFO - Loaded 10595 items
  nottingham: 10,595 items (0.2s)
Using RepeatableWeightedSampler for training split.

Weighted joint dataset created:
   Total items: 272,935
   Sampling weights: {'hooktheory': 0.5, 'wikifonia': 0.2, 'pop909': 0.2, 'nottingham': 0.1}
=== Loading Weighted Joint Dataset ===
Datasets: hooktheory, wikifonia, pop909, nottingham
Weights: [0.5, 0.2, 0.2, 0.1]
Split: valid
Augmentation: True

Loading hooktheory (weight: 50.0%)...
2026-06-10 22:55:47 - realchords - INFO - Data cache dir: /rwthfs/rz/cluster/home/yh522379/realchords-pytorch/data/cache/hooktheory
2026-06-10 22:55:47 - realchords - INFO - Time taken to load dataset: 0.02 seconds
2026-06-10 22:55:47 - realchords - INFO - Loaded 2821 chord names from data/cache/chord_names_augmented.json
2026-06-10 22:55:47 - realchords - INFO - Loaded 1943 items
  hooktheory: 1,943 items (0.0s)
Loading wikifonia (weight: 20.0%)...
2026-06-10 22:55:47 - realchords - INFO - Data cache dir: /rwthfs/rz/cluster/home/yh522379/realchords-pytorch/data/cache/wikifonia
2026-06-10 22:55:47 - realchords - INFO - Time taken to load dataset: 0.02 seconds
2026-06-10 22:55:47 - realchords - INFO - Loaded 2821 chord names from data/cache/chord_names_augmented.json
2026-06-10 22:55:47 - realchords - INFO - Loaded 50 items
  wikifonia: 50 items (0.0s)
Loading pop909 (weight: 20.0%)...
2026-06-10 22:55:47 - realchords - INFO - Data cache dir: /rwthfs/rz/cluster/home/yh522379/realchords-pytorch/data/cache/pop909
2026-06-10 22:55:47 - realchords - INFO - Time taken to load dataset: 0.03 seconds
2026-06-10 22:55:47 - realchords - INFO - Loaded 2821 chord names from data/cache/chord_names_augmented.json
2026-06-10 22:55:47 - realchords - INFO - Loaded 90 items
  pop909: 90 items (0.0s)
Loading nottingham (weight: 10.0%)...
2026-06-10 22:55:47 - realchords - INFO - Data cache dir: /rwthfs/rz/cluster/home/yh522379/realchords-pytorch/data/cache/nottingham
2026-06-10 22:55:47 - realchords - INFO - Time taken to load dataset: 0.02 seconds
2026-06-10 22:55:47 - realchords - INFO - Loaded 2821 chord names from data/cache/chord_names_augmented.json
2026-06-10 22:55:47 - realchords - INFO - Loaded 101 items
  nottingham: 101 items (0.0s)
Using deterministic weighted interleaving for eval (no sampler).

Weighted joint dataset created:
   Total items: 2,184
   Sampling weights: {'hooktheory': 0.5, 'wikifonia': 0.2, 'pop909': 0.2, 'nottingham': 0.1}
Note: 'shuffle' is ignored for train since a sampler is used.
2026-06-10 22:55:47 - realchords - INFO - Loading model from /hpcwork/thes2192/realchords/logs/my_logs/decoder_only_online_chord_3_datasets/step=11000.ckpt
=== Loading Weighted Joint Dataset ===
Datasets: hooktheory, pop909, nottingham
Weights: [0.6, 0.3, 0.1]
Split: train
Augmentation: True

Loading hooktheory (weight: 60.0%)...
2026-06-10 22:55:47 - realchords - INFO - Data cache dir: /rwthfs/rz/cluster/home/yh522379/realchords-pytorch/data/cache/hooktheory
2026-06-10 22:55:49 - realchords - INFO - Time taken to load dataset: 1.60 seconds
2026-06-10 22:55:49 - realchords - INFO - Loaded 2821 chord names from data/cache/chord_names_augmented.json
2026-06-10 22:55:49 - realchords - INFO - Loaded 247676 items
  hooktheory: 247,676 items (1.6s)
Loading pop909 (weight: 30.0%)...
2026-06-10 22:55:49 - realchords - INFO - Data cache dir: /rwthfs/rz/cluster/home/yh522379/realchords-pytorch/data/cache/pop909
2026-06-10 22:55:49 - realchords - INFO - Time taken to load dataset: 0.44 seconds
2026-06-10 22:55:49 - realchords - INFO - Loaded 2821 chord names from data/cache/chord_names_augmented.json
2026-06-10 22:55:49 - realchords - INFO - Loaded 9451 items
  pop909: 9,451 items (0.4s)
Loading nottingham (weight: 10.0%)...
2026-06-10 22:55:49 - realchords - INFO - Data cache dir: /rwthfs/rz/cluster/home/yh522379/realchords-pytorch/data/cache/nottingham
2026-06-10 22:55:50 - realchords - INFO - Time taken to load dataset: 0.20 seconds
2026-06-10 22:55:50 - realchords - INFO - Loaded 2821 chord names from data/cache/chord_names_augmented.json
2026-06-10 22:55:50 - realchords - INFO - Loaded 10595 items
  nottingham: 10,595 items (0.2s)
Using RepeatableWeightedSampler for training split.

Weighted joint dataset created:
   Total items: 267,722
   Sampling weights: {'hooktheory': 0.6, 'pop909': 0.3, 'nottingham': 0.1}
=== Loading Weighted Joint Dataset ===
Datasets: hooktheory, pop909, nottingham
Weights: [0.6, 0.3, 0.1]
Split: valid
Augmentation: True

Loading hooktheory (weight: 60.0%)...
2026-06-10 22:55:50 - realchords - INFO - Data cache dir: /rwthfs/rz/cluster/home/yh522379/realchords-pytorch/data/cache/hooktheory
2026-06-10 22:55:50 - realchords - INFO - Time taken to load dataset: 0.04 seconds
2026-06-10 22:55:50 - realchords - INFO - Loaded 2821 chord names from data/cache/chord_names_augmented.json
2026-06-10 22:55:50 - realchords - INFO - Loaded 1943 items
  hooktheory: 1,943 items (0.0s)
Loading pop909 (weight: 30.0%)...
2026-06-10 22:55:50 - realchords - INFO - Data cache dir: /rwthfs/rz/cluster/home/yh522379/realchords-pytorch/data/cache/pop909
2026-06-10 22:55:50 - realchords - INFO - Time taken to load dataset: 0.00 seconds
2026-06-10 22:55:50 - realchords - INFO - Loaded 2821 chord names from data/cache/chord_names_augmented.json
2026-06-10 22:55:50 - realchords - INFO - Loaded 90 items
  pop909: 90 items (0.0s)
Loading nottingham (weight: 10.0%)...
2026-06-10 22:55:50 - realchords - INFO - Data cache dir: /rwthfs/rz/cluster/home/yh522379/realchords-pytorch/data/cache/nottingham
2026-06-10 22:55:50 - realchords - INFO - Time taken to load dataset: 0.00 seconds
2026-06-10 22:55:50 - realchords - INFO - Loaded 2821 chord names from data/cache/chord_names_augmented.json
2026-06-10 22:55:50 - realchords - INFO - Loaded 101 items
  nottingham: 101 items (0.0s)
Using deterministic weighted interleaving for eval (no sampler).

Weighted joint dataset created:
   Total items: 2,134
   Sampling weights: {'hooktheory': 0.6, 'pop909': 0.3, 'nottingham': 0.1}
Note: 'shuffle' is ignored for train since a sampler is used.
2026-06-10 22:55:50 - realchords - INFO - Data cache dir: /rwthfs/rz/cluster/home/yh522379/realchords-pytorch/data/cache/nottingham
2026-06-10 22:55:50 - realchords - INFO - Time taken to load dataset: 0.00 seconds
2026-06-10 22:55:50 - realchords - INFO - Loaded 2821 chord names from /rwthfs/rz/cluster/home/yh522379/realchords-pytorch/data/cache/chord_names_augmented.json
2026-06-10 22:55:50 - realchords - INFO - Loaded 103 items
2026-06-10 22:55:50 - realchords - INFO - Data cache dir: /rwthfs/rz/cluster/home/yh522379/realchords-pytorch/data/cache/nottingham
2026-06-10 22:55:50 - realchords - INFO - Time taken to load dataset: 0.00 seconds
2026-06-10 22:55:50 - realchords - INFO - Loaded 2821 chord names from /rwthfs/rz/cluster/home/yh522379/realchords-pytorch/data/cache/chord_names_augmented.json
2026-06-10 22:55:50 - realchords - INFO - Loaded 103 items
Validation dataloader has 2 batches.
Processing all 2 batches from validation dataloader
Generating mle_chord conditioned on melody data
Saved generated sequences to logs/generated/nottingham_melody_vs_mle_chord_3_datasets/melody_data_vs_mle_chord_generated.pt
Generated sequences shape: torch.Size([103, 513])
Saved KL values to logs/generated/nottingham_melody_vs_mle_chord_3_datasets/melody_data_vs_mle_chord_kl.pt
KL values shape: torch.Size([103, 256])
=== all generations finished ===
