=== toolchain check ===
PATH=/rwthfs/rz/cluster/home/yh522379/realchords-pytorch/.venv/bin:/cvmfs/software.hpc.rwth.de/Linux/RH9/x86_64/intel/sapphirerapids/software/FFmpeg/7.0.2-GCCcore-13.3.0/bin:/cvmfs/software.hpc.rwth.de/Linux/RH9/x86_64/intel/sapphirerapids/software/SDL2/2.30.6-GCCcore-13.3.0/bin:/cvmfs/software.hpc.rwth.de/Linux/RH9/x86_64/intel/sapphirerapids/software/FriBidi/1.0.15-GCCcore-13.3.0/bin:/cvmfs/software.hpc.rwth.de/Linux/RH9/x86_64/intel/sapphirerapids/software/X11/20240607-GCCcore-13.3.0/bin:/cvmfs/software.hpc.rwth.de/Linux/RH9/x86_64/intel/sapphirerapids/software/fontconfig/2.15.0-GCCcore-13.3.0/bin:/cvmfs/software.hpc.rwth.de/Linux/RH9/x86_64/intel/sapphirerapids/software/util-linux/2.40-GCCcore-13.3.0/sbin:/cvmfs/software.hpc.rwth.de/Linux/RH9/x86_64/intel/sapphirerapids/software/util-linux/2.40-GCCcore-13.3.0/bin:/cvmfs/software.hpc.rwth.de/Linux/RH9/x86_64/intel/sapphirerapids/software/freetype/2.13.2-GCCcore-13.3.0/bin:/cvmfs/software.hpc.rwth.de/Linux/RH9/x86_64/intel/sapphirerapids/software/Brotli/1.1.0-GCCcore-13.3.0/bin:/cvmfs/software.hpc.rwth.de/Linux/RH9/x86_64/intel/sapphirerapids/software/libpng/1.6.43-GCCcore-13.3.0/bin:/cvmfs/software.hpc.rwth.de/Linux/RH9/x86_64/intel/sapphirerapids/software/expat/2.6.2-GCCcore-13.3.0/bin:/cvmfs/software.hpc.rwth.de/Linux/RH9/x86_64/intel/sapphirerapids/software/x265/3.6-GCCcore-13.3.0/bin:/cvmfs/software.hpc.rwth.de/Linux/RH9/x86_64/intel/sapphirerapids/software/LAME/3.100-GCCcore-13.3.0/bin:/cvmfs/software.hpc.rwth.de/Linux/RH9/x86_64/intel/sapphirerapids/software/x264/20240513-GCCcore-13.3.0/bin:/cvmfs/software.hpc.rwth.de/Linux/RH9/x86_64/intel/sapphirerapids/software/NASM/2.16.03-GCCcore-13.3.0/bin:/cvmfs/software.hpc.rwth.de/Linux/RH9/x86_64/intel/sapphirerapids/software/Python/3.12.3-GCCcore-13.3.0/bin:/cvmfs/software.hpc.rwth.de/Linux/RH9/x86_64/intel/sapphirerapids/software/OpenSSL/3/bin:/cvmfs/software.hpc.rwth.de/Linux/RH9/x86_64/intel/sapphirerapids/software/XZ/5.4.5-GCCcore-13.3.0/bin:/cvmfs/software.hpc.rwth.de/Linux/RH9/x86_64/intel/sapphirerapids/software/SQLite/3.45.3-GCCcore-13.3.0/bin:/cvmfs/software.hpc.rwth.de/Linux/RH9/x86_64/intel/sapphirerapids/software/Tcl/8.6.14-GCCcore-13.3.0/bin:/cvmfs/software.hpc.rwth.de/Linux/RH9/x86_64/intel/sapphirerapids/software/ncurses/6.5-GCCcore-13.3.0/bin:/cvmfs/software.hpc.rwth.de/Linux/RH9/x86_64/intel/sapphirerapids/software/bzip2/1.0.8-GCCcore-13.3.0/bin:/home/yh522379/.local/bin:/cvmfs/software.hpc.rwth.de/Linux/RH9/x86_64/intel/sapphirerapids/software/impi/2021.13.0-intel-compilers-2024.2.0/mpi/2021.13/libfabric/bin:/cvmfs/software.hpc.rwth.de/Linux/RH9/x86_64/intel/sapphirerapids/software/impi/2021.13.0-intel-compilers-2024.2.0/mpi/2021.13/bin:/cvmfs/software.hpc.rwth.de/Linux/RH9/x86_64/intel/sapphirerapids/software/intel-compilers/2024.2.0/compiler/2024.2/bin:/cvmfs/software.hpc.rwth.de/Linux/RH9/x86_64/intel/sapphirerapids/software/binutils/2.42-GCCcore-13.3.0/bin:/cvmfs/software.hpc.rwth.de/Linux/RH9/x86_64/intel/sapphirerapids/software/GCCcore/13.3.0/bin:/usr/local_host/bin:/usr/local_host/sbin:/usr/local_rwth/bin:/usr/local_rwth/sbin:/usr/bin:/usr/sbin:/bin:/sbin:/opt/singularity/bin:/usr/local/bin:/usr/local/sbin:/opt/slurm/current/sbin:/opt/slurm/current/bin
ffmpeg: /cvmfs/software.hpc.rwth.de/Linux/RH9/x86_64/intel/sapphirerapids/software/FFmpeg/7.0.2-GCCcore-13.3.0/bin/ffmpeg
fluidsynth: /home/yh522379/.local/bin/fluidsynth
ffmpeg version 7.0.2 Copyright (c) 2000-2024 the FFmpeg developers
FluidSynth runtime version 2.5.3
audioread backends: [<class 'audioread.rawread.RawAudioFile'>, <class 'audioread.ffdec.FFmpegAudioFile'>]
=== end toolchain check ===
=== nvidia-smi (job 66732532) ===
Tue Apr 14 14:06:58 2026       
+-----------------------------------------------------------------------------------------+
| NVIDIA-SMI 570.211.01             Driver Version: 570.211.01     CUDA Version: 12.8     |
|-----------------------------------------+------------------------+----------------------+
| GPU  Name                 Persistence-M | Bus-Id          Disp.A | Volatile Uncorr. ECC |
| Fan  Temp   Perf          Pwr:Usage/Cap |           Memory-Usage | GPU-Util  Compute M. |
|                                         |                        |               MIG M. |
|=========================================+========================+======================|
|   0  NVIDIA H100                    On  |   00000000:AD:00.0 Off |                    0 |
| N/A   37C    P0             69W /  700W |       0MiB /  95830MiB |      0%      Default |
|                                         |                        |             Disabled |
+-----------------------------------------+------------------------+----------------------+
                                                                                         
+-----------------------------------------------------------------------------------------+
| Processes:                                                                              |
|  GPU   GI   CI              PID   Type   Process name                        GPU Memory |
|        ID   ID                                                               Usage      |
|=========================================================================================|
|  No running processes found                                                             |
+-----------------------------------------------------------------------------------------+
=== end nvidia-smi ===
=== Loading Weighted Joint Dataset ===
Datasets: hooktheory, pop909, nottingham
Weights: [0.6, 0.3, 0.1]
Split: train
Augmentation: False

Loading hooktheory (weight: 60.0%)...
2026-04-14 14:08:11 - realchords - INFO - Data cache dir: /rwthfs/rz/cluster/home/yh522379/realchords-pytorch/data/cache/hooktheory
2026-04-14 14:08:11 - realchords - INFO - Time taken to load dataset: 0.24 seconds
2026-04-14 14:08:11 - realchords - INFO - Loaded 2821 chord names from data/cache/chord_names_augmented.json
2026-04-14 14:08:11 - realchords - INFO - Loaded 19052 items
  hooktheory: 19,052 items (0.3s)
Loading pop909 (weight: 30.0%)...
2026-04-14 14:08:11 - realchords - INFO - Data cache dir: /rwthfs/rz/cluster/home/yh522379/realchords-pytorch/data/cache/pop909
2026-04-14 14:08:11 - realchords - INFO - Time taken to load dataset: 0.08 seconds
2026-04-14 14:08:11 - realchords - INFO - Loaded 2821 chord names from data/cache/chord_names_augmented.json
2026-04-14 14:08:11 - realchords - INFO - Loaded 727 items
  pop909: 727 items (0.1s)
Loading nottingham (weight: 10.0%)...
2026-04-14 14:08:11 - realchords - INFO - Data cache dir: /rwthfs/rz/cluster/home/yh522379/realchords-pytorch/data/cache/nottingham
2026-04-14 14:08:11 - realchords - INFO - Time taken to load dataset: 0.03 seconds
2026-04-14 14:08:11 - realchords - INFO - Loaded 2821 chord names from data/cache/chord_names_augmented.json
2026-04-14 14:08:11 - realchords - INFO - Loaded 815 items
  nottingham: 815 items (0.0s)
Using RepeatableWeightedSampler for training split.

Weighted joint dataset created:
   Total items: 20,594
   Sampling weights: {'hooktheory': 0.6, 'pop909': 0.3, 'nottingham': 0.1}
=== Loading Weighted Joint Dataset ===
Datasets: hooktheory, pop909, nottingham
Weights: [0.6, 0.3, 0.1]
Split: valid
Augmentation: False

Loading hooktheory (weight: 60.0%)...
2026-04-14 14:08:11 - realchords - INFO - Data cache dir: /rwthfs/rz/cluster/home/yh522379/realchords-pytorch/data/cache/hooktheory
2026-04-14 14:08:11 - realchords - INFO - Time taken to load dataset: 0.06 seconds
2026-04-14 14:08:11 - realchords - INFO - Loaded 2821 chord names from data/cache/chord_names_augmented.json
2026-04-14 14:08:11 - realchords - INFO - Loaded 1943 items
  hooktheory: 1,943 items (0.1s)
Loading pop909 (weight: 30.0%)...
2026-04-14 14:08:11 - realchords - INFO - Data cache dir: /rwthfs/rz/cluster/home/yh522379/realchords-pytorch/data/cache/pop909
2026-04-14 14:08:11 - realchords - INFO - Time taken to load dataset: 0.04 seconds
2026-04-14 14:08:11 - realchords - INFO - Loaded 2821 chord names from data/cache/chord_names_augmented.json
2026-04-14 14:08:11 - realchords - INFO - Loaded 90 items
  pop909: 90 items (0.0s)
Loading nottingham (weight: 10.0%)...
2026-04-14 14:08:11 - realchords - INFO - Data cache dir: /rwthfs/rz/cluster/home/yh522379/realchords-pytorch/data/cache/nottingham
2026-04-14 14:08:11 - realchords - INFO - Time taken to load dataset: 0.02 seconds
2026-04-14 14:08:11 - realchords - INFO - Loaded 2821 chord names from data/cache/chord_names_augmented.json
2026-04-14 14:08:11 - realchords - INFO - Loaded 101 items
  nottingham: 101 items (0.0s)
Using deterministic weighted interleaving for eval (no sampler).

Weighted joint dataset created:
   Total items: 2,134
   Sampling weights: {'hooktheory': 0.6, 'pop909': 0.3, 'nottingham': 0.1}
Note: 'shuffle' is ignored for train since a sampler is used.
┏━━━┳━━━━━━━┳━━━━━━━━━━━━━━━━━┳━━━━━━━━┳━━━━━━━┳━━━━━━━┓
┃   ┃ Name  ┃ Type            ┃ Params ┃ Mode  ┃ FLOPs ┃
┡━━━╇━━━━━━━╇━━━━━━━━━━━━━━━━━╇━━━━━━━━╇━━━━━━━╇━━━━━━━┩
│ 0 │ model │ OptimizedModule │ 54.3 M │ train │     0 │
└───┴───────┴─────────────────┴────────┴───────┴───────┘
Trainable params: 54.3 M                                                        
Non-trainable params: 0                                                         
Total params: 54.3 M                                                            
Total estimated model params size (MB): 217                                     
Modules in train mode: 348                                                      
Modules in eval mode: 0                                                         
Total FLOPs: 0                                                                  
Epoch 0/-2 ━━━━━━━━━━━━━━━━ 8000/8000 0:37:44 •       3.61it/s v_num: 82b9      
                                      0:00:00                  train/loss: 0.056
                                                               grad_norm: 1.656 
                                                               val/loss: 3.578  
[1;34mwandb[0m: 
[1;34mwandb[0m: 🚀 View run [33mcontrastive_reward_no_augmentation_rhythm_3_datasets[0m at: [34mhttps://wandb.ai/ikunabel/realchords/runs/nat582b9[0m
[1;34mwandb[0m: Find logs at: [1;35m../../../../../../hpcwork/thes2192/realchords/logs/my_logs/contrastive_reward_no_augmentation_rhythm_3_datasets/wandb/run-20260414_140830-nat582b9/logs[0m
