TORCH_EXTENSIONS_DIR=/hpcwork/thes2192/realchords/.cache/torch_extensions
=== toolchain check ===
PATH=/rwthfs/rz/cluster/home/yh522379/realchords-pytorch/.venv/bin:/cvmfs/software.hpc.rwth.de/Linux/RH9/x86_64/intel/sapphirerapids/software/FFmpeg/7.0.2-GCCcore-13.3.0/bin:/cvmfs/software.hpc.rwth.de/Linux/RH9/x86_64/intel/sapphirerapids/software/SDL2/2.30.6-GCCcore-13.3.0/bin:/cvmfs/software.hpc.rwth.de/Linux/RH9/x86_64/intel/sapphirerapids/software/FriBidi/1.0.15-GCCcore-13.3.0/bin:/cvmfs/software.hpc.rwth.de/Linux/RH9/x86_64/intel/sapphirerapids/software/X11/20240607-GCCcore-13.3.0/bin:/cvmfs/software.hpc.rwth.de/Linux/RH9/x86_64/intel/sapphirerapids/software/fontconfig/2.15.0-GCCcore-13.3.0/bin:/cvmfs/software.hpc.rwth.de/Linux/RH9/x86_64/intel/sapphirerapids/software/util-linux/2.40-GCCcore-13.3.0/sbin:/cvmfs/software.hpc.rwth.de/Linux/RH9/x86_64/intel/sapphirerapids/software/util-linux/2.40-GCCcore-13.3.0/bin:/cvmfs/software.hpc.rwth.de/Linux/RH9/x86_64/intel/sapphirerapids/software/freetype/2.13.2-GCCcore-13.3.0/bin:/cvmfs/software.hpc.rwth.de/Linux/RH9/x86_64/intel/sapphirerapids/software/Brotli/1.1.0-GCCcore-13.3.0/bin:/cvmfs/software.hpc.rwth.de/Linux/RH9/x86_64/intel/sapphirerapids/software/libpng/1.6.43-GCCcore-13.3.0/bin:/cvmfs/software.hpc.rwth.de/Linux/RH9/x86_64/intel/sapphirerapids/software/expat/2.6.2-GCCcore-13.3.0/bin:/cvmfs/software.hpc.rwth.de/Linux/RH9/x86_64/intel/sapphirerapids/software/x265/3.6-GCCcore-13.3.0/bin:/cvmfs/software.hpc.rwth.de/Linux/RH9/x86_64/intel/sapphirerapids/software/LAME/3.100-GCCcore-13.3.0/bin:/cvmfs/software.hpc.rwth.de/Linux/RH9/x86_64/intel/sapphirerapids/software/x264/20240513-GCCcore-13.3.0/bin:/cvmfs/software.hpc.rwth.de/Linux/RH9/x86_64/intel/sapphirerapids/software/NASM/2.16.03-GCCcore-13.3.0/bin:/cvmfs/software.hpc.rwth.de/Linux/RH9/x86_64/intel/sapphirerapids/software/Python/3.12.3-GCCcore-13.3.0/bin:/cvmfs/software.hpc.rwth.de/Linux/RH9/x86_64/intel/sapphirerapids/software/OpenSSL/3/bin:/cvmfs/software.hpc.rwth.de/Linux/RH9/x86_64/intel/sapphirerapids/software/XZ/5.4.5-GCCcore-13.3.0/bin:/cvmfs/software.hpc.rwth.de/Linux/RH9/x86_64/intel/sapphirerapids/software/SQLite/3.45.3-GCCcore-13.3.0/bin:/cvmfs/software.hpc.rwth.de/Linux/RH9/x86_64/intel/sapphirerapids/software/Tcl/8.6.14-GCCcore-13.3.0/bin:/cvmfs/software.hpc.rwth.de/Linux/RH9/x86_64/intel/sapphirerapids/software/ncurses/6.5-GCCcore-13.3.0/bin:/cvmfs/software.hpc.rwth.de/Linux/RH9/x86_64/intel/sapphirerapids/software/bzip2/1.0.8-GCCcore-13.3.0/bin:/home/yh522379/.local/bin:/cvmfs/software.hpc.rwth.de/Linux/RH9/x86_64/intel/sapphirerapids/software/impi/2021.13.0-intel-compilers-2024.2.0/mpi/2021.13/libfabric/bin:/cvmfs/software.hpc.rwth.de/Linux/RH9/x86_64/intel/sapphirerapids/software/impi/2021.13.0-intel-compilers-2024.2.0/mpi/2021.13/bin:/cvmfs/software.hpc.rwth.de/Linux/RH9/x86_64/intel/sapphirerapids/software/intel-compilers/2024.2.0/compiler/2024.2/bin:/cvmfs/software.hpc.rwth.de/Linux/RH9/x86_64/intel/sapphirerapids/software/binutils/2.42-GCCcore-13.3.0/bin:/cvmfs/software.hpc.rwth.de/Linux/RH9/x86_64/intel/sapphirerapids/software/GCCcore/13.3.0/bin:/usr/local_host/bin:/usr/local_host/sbin:/usr/local_rwth/bin:/usr/local_rwth/sbin:/usr/bin:/usr/sbin:/bin:/sbin:/opt/singularity/bin:/usr/local/bin:/usr/local/sbin:/opt/slurm/current/sbin:/opt/slurm/current/bin
ffmpeg: /cvmfs/software.hpc.rwth.de/Linux/RH9/x86_64/intel/sapphirerapids/software/FFmpeg/7.0.2-GCCcore-13.3.0/bin/ffmpeg
fluidsynth: /home/yh522379/.local/bin/fluidsynth
ffmpeg version 7.0.2 Copyright (c) 2000-2024 the FFmpeg developers
FluidSynth runtime version 2.5.3
audioread backends: [<class 'audioread.rawread.RawAudioFile'>, <class 'audioread.ffdec.FFmpegAudioFile'>]
=== end toolchain check ===
=== nvidia-smi (job 66995361) ===
Thu Apr 23 13:39:46 2026       
+-----------------------------------------------------------------------------------------+
| NVIDIA-SMI 570.211.01             Driver Version: 570.211.01     CUDA Version: 12.8     |
|-----------------------------------------+------------------------+----------------------+
| GPU  Name                 Persistence-M | Bus-Id          Disp.A | Volatile Uncorr. ECC |
| Fan  Temp   Perf          Pwr:Usage/Cap |           Memory-Usage | GPU-Util  Compute M. |
|                                         |                        |               MIG M. |
|=========================================+========================+======================|
|   0  NVIDIA H100                    On  |   00000000:1B:00.0 Off |                    0 |
| N/A   36C    P0             72W /  700W |       0MiB /  95830MiB |      0%      Default |
|                                         |                        |             Disabled |
+-----------------------------------------+------------------------+----------------------+
                                                                                         
+-----------------------------------------------------------------------------------------+
| Processes:                                                                              |
|  GPU   GI   CI              PID   Type   Process name                        GPU Memory |
|        ID   ID                                                               Usage      |
|=========================================================================================|
|  No running processes found                                                             |
+-----------------------------------------------------------------------------------------+
=== end nvidia-smi ===
=== Loading Weighted Joint Dataset ===
Datasets: hooktheory, wikifonia, pop909, nottingham
Weights: [0.5, 0.2, 0.2, 0.1]
Split: train
Augmentation: True

Loading hooktheory (weight: 50.0%)...
2026-04-23 13:40:46 - realchords - INFO - Data cache dir: /rwthfs/rz/cluster/home/yh522379/realchords-pytorch/data/cache/hooktheory
2026-04-23 13:40:48 - realchords - INFO - Time taken to load dataset: 1.42 seconds
2026-04-23 13:40:48 - realchords - INFO - Loaded 2821 chord names from data/cache/chord_names_augmented.json
2026-04-23 13:40:48 - realchords - INFO - Loaded 247676 items
  hooktheory: 247,676 items (1.4s)
Loading wikifonia (weight: 20.0%)...
2026-04-23 13:40:48 - realchords - INFO - Data cache dir: /rwthfs/rz/cluster/home/yh522379/realchords-pytorch/data/cache/wikifonia
2026-04-23 13:40:48 - realchords - INFO - Time taken to load dataset: 0.05 seconds
2026-04-23 13:40:48 - realchords - INFO - Loaded 2821 chord names from data/cache/chord_names_augmented.json
2026-04-23 13:40:48 - realchords - INFO - Loaded 5213 items
  wikifonia: 5,213 items (0.1s)
Loading pop909 (weight: 20.0%)...
2026-04-23 13:40:48 - realchords - INFO - Data cache dir: /rwthfs/rz/cluster/home/yh522379/realchords-pytorch/data/cache/pop909
2026-04-23 13:40:48 - realchords - INFO - Time taken to load dataset: 0.34 seconds
2026-04-23 13:40:48 - realchords - INFO - Loaded 2821 chord names from data/cache/chord_names_augmented.json
2026-04-23 13:40:48 - realchords - INFO - Loaded 9451 items
  pop909: 9,451 items (0.3s)
Loading nottingham (weight: 10.0%)...
2026-04-23 13:40:48 - realchords - INFO - Data cache dir: /rwthfs/rz/cluster/home/yh522379/realchords-pytorch/data/cache/nottingham
2026-04-23 13:40:48 - realchords - INFO - Time taken to load dataset: 0.09 seconds
2026-04-23 13:40:48 - realchords - INFO - Loaded 2821 chord names from data/cache/chord_names_augmented.json
2026-04-23 13:40:48 - realchords - INFO - Loaded 10595 items
  nottingham: 10,595 items (0.1s)
Using RepeatableWeightedSampler for training split.

Weighted joint dataset created:
   Total items: 272,935
   Sampling weights: {'hooktheory': 0.5, 'wikifonia': 0.2, 'pop909': 0.2, 'nottingham': 0.1}
=== Loading Weighted Joint Dataset ===
Datasets: hooktheory, wikifonia, pop909, nottingham
Weights: [0.5, 0.2, 0.2, 0.1]
Split: valid
Augmentation: True

Loading hooktheory (weight: 50.0%)...
2026-04-23 13:40:48 - realchords - INFO - Data cache dir: /rwthfs/rz/cluster/home/yh522379/realchords-pytorch/data/cache/hooktheory
2026-04-23 13:40:48 - realchords - INFO - Time taken to load dataset: 0.04 seconds
2026-04-23 13:40:48 - realchords - INFO - Loaded 2821 chord names from data/cache/chord_names_augmented.json
2026-04-23 13:40:48 - realchords - INFO - Loaded 1943 items
  hooktheory: 1,943 items (0.0s)
Loading wikifonia (weight: 20.0%)...
2026-04-23 13:40:48 - realchords - INFO - Data cache dir: /rwthfs/rz/cluster/home/yh522379/realchords-pytorch/data/cache/wikifonia
2026-04-23 13:40:48 - realchords - INFO - Time taken to load dataset: 0.02 seconds
2026-04-23 13:40:48 - realchords - INFO - Loaded 2821 chord names from data/cache/chord_names_augmented.json
2026-04-23 13:40:48 - realchords - INFO - Loaded 50 items
  wikifonia: 50 items (0.0s)
Loading pop909 (weight: 20.0%)...
2026-04-23 13:40:48 - realchords - INFO - Data cache dir: /rwthfs/rz/cluster/home/yh522379/realchords-pytorch/data/cache/pop909
2026-04-23 13:40:48 - realchords - INFO - Time taken to load dataset: 0.00 seconds
2026-04-23 13:40:48 - realchords - INFO - Loaded 2821 chord names from data/cache/chord_names_augmented.json
2026-04-23 13:40:48 - realchords - INFO - Loaded 90 items
  pop909: 90 items (0.0s)
Loading nottingham (weight: 10.0%)...
2026-04-23 13:40:48 - realchords - INFO - Data cache dir: /rwthfs/rz/cluster/home/yh522379/realchords-pytorch/data/cache/nottingham
2026-04-23 13:40:48 - realchords - INFO - Time taken to load dataset: 0.02 seconds
2026-04-23 13:40:48 - realchords - INFO - Loaded 2821 chord names from data/cache/chord_names_augmented.json
2026-04-23 13:40:48 - realchords - INFO - Loaded 101 items
  nottingham: 101 items (0.0s)
Using deterministic weighted interleaving for eval (no sampler).

Weighted joint dataset created:
   Total items: 2,184
   Sampling weights: {'hooktheory': 0.5, 'wikifonia': 0.2, 'pop909': 0.2, 'nottingham': 0.1}
Note: 'shuffle' is ignored for train since a sampler is used.
┏━━━┳━━━━━━━┳━━━━━━━━━━━━━━━━━┳━━━━━━━━┳━━━━━━━┳━━━━━━━┓
┃   ┃ Name  ┃ Type            ┃ Params ┃ Mode  ┃ FLOPs ┃
┡━━━╇━━━━━━━╇━━━━━━━━━━━━━━━━━╇━━━━━━━━╇━━━━━━━╇━━━━━━━┩
│ 0 │ model │ OptimizedModule │ 84.7 M │ train │     0 │
└───┴───────┴─────────────────┴────────┴───────┴───────┘
Trainable params: 84.7 M                                                        
Non-trainable params: 0                                                         
Total params: 84.7 M                                                            
Total estimated model params size (MB): 338                                     
Modules in train mode: 568                                                      
Modules in eval mode: 0                                                         
Total FLOPs: 0                                                                  
2026-04-23 13:41:42 - realchords - ERROR - Error converting to MIDI: Invalid melody frame: CHORD_ON_Ao7
2026-04-23 13:41:42 - realchords - ERROR - Error converting to MIDI: Invalid melody frame: CHORD_Csus(add7)/A
2026-04-23 13:41:42 - realchords - ERROR - Error converting to MIDI: Invalid melody frame: CHORD_E+9
2026-04-23 13:41:42 - realchords - ERROR - Error converting to MIDI: Invalid melody frame: CHORD_ON_Absus(add6)(add7)/F
2026-04-23 13:41:43 - realchords - ERROR - Error converting to MIDI: Invalid melody frame: CHORD_ON_D5
2026-04-23 13:41:43 - realchords - ERROR - Error converting to MIDI: Invalid melody frame: CHORD_Gm9(add6)
2026-04-23 13:41:43 - realchords - ERROR - Error converting to MIDI: Invalid melody frame: CHORD_ON_Dbsus(addb2)/D
2026-04-23 13:41:43 - realchords - ERROR - Error converting to MIDI: Invalid melody frame: CHORD_F(#9)/C
2026-04-23 13:45:00 - realchords - ERROR - Error converting to MIDI: Note off without note on: 74 -> 51
2026-04-23 13:45:01 - realchords - ERROR - Error converting to MIDI: Note off without note on: 55 -> 48
2026-04-23 13:45:02 - realchords - ERROR - Error converting to MIDI: Invalid melody frame: CHORD_Em(addb2)/G
2026-04-23 13:45:02 - realchords - ERROR - Error converting to MIDI: Note off without note on: 54 -> 83
Epoch 0/-2 ╸               1878/30000 0:05:54 •       6.31it/s v_num: 79ae      
                                      1:14:17                  train/loss: 0.786
                                                               grad_norm: 0.455 
                                                               val/loss: 0.987  
                                                               val/acc: 0.499   
                                                               val/nll: 0.987   
                                                               val/note_in_chor…
                                                               nan              
                                                               val/note_in_chor…
                                                               nan              
[1;34mwandb[0m: 
[1;34mwandb[0m: 🚀 View run [33menc_dec_base_melody_4_datasets[0m at: [34mhttps://wandb.ai/ikunabel/realchords/runs/o1an79ae[0m
[1;34mwandb[0m: Find logs at: [1;35m../../../../../../hpcwork/thes2192/realchords/logs/my_logs/enc_dec_base_melody_4_datasets/wandb/run-20260423_134106-o1an79ae/logs[0m
