=== running: mle_melody_vs_gapt_multiscale_chord_free_generation ===
[rank: 0] Seed set to 42
Mode: mle_melody_vs_rl_chord
Switching mode: False
Mel source: mle_melody
Chord source: rl_chord
2026-06-15 02:10:23 - realchords - INFO - Loading model from /hpcwork/thes2192/realchords/logs/my_logs/decoder_only_online_melody_4_datasets/step=11000.ckpt
=== Loading Weighted Joint Dataset ===
Datasets: hooktheory, wikifonia, pop909, nottingham
Weights: [0.5, 0.2, 0.2, 0.1]
Split: train
Augmentation: True

Loading hooktheory (weight: 50.0%)...
2026-06-15 02:10:23 - realchords - INFO - Data cache dir: /rwthfs/rz/cluster/home/yh522379/realchords-pytorch/data/cache/hooktheory
2026-06-15 02:10:29 - realchords - INFO - Time taken to load dataset: 5.93 seconds
2026-06-15 02:10:29 - realchords - INFO - Loaded 2821 chord names from data/cache/chord_names_augmented.json
2026-06-15 02:10:29 - realchords - INFO - Loaded 247676 items
  hooktheory: 247,676 items (5.9s)
Loading wikifonia (weight: 20.0%)...
2026-06-15 02:10:29 - realchords - INFO - Data cache dir: /rwthfs/rz/cluster/home/yh522379/realchords-pytorch/data/cache/wikifonia
2026-06-15 02:10:29 - realchords - INFO - Time taken to load dataset: 0.08 seconds
2026-06-15 02:10:29 - realchords - INFO - Loaded 2821 chord names from data/cache/chord_names_augmented.json
2026-06-15 02:10:29 - realchords - INFO - Loaded 5213 items
  wikifonia: 5,213 items (0.1s)
Loading pop909 (weight: 20.0%)...
2026-06-15 02:10:29 - realchords - INFO - Data cache dir: /rwthfs/rz/cluster/home/yh522379/realchords-pytorch/data/cache/pop909
2026-06-15 02:10:30 - realchords - INFO - Time taken to load dataset: 1.11 seconds
2026-06-15 02:10:30 - realchords - INFO - Loaded 2821 chord names from data/cache/chord_names_augmented.json
2026-06-15 02:10:30 - realchords - INFO - Loaded 9451 items
  pop909: 9,451 items (1.1s)
Loading nottingham (weight: 10.0%)...
2026-06-15 02:10:30 - realchords - INFO - Data cache dir: /rwthfs/rz/cluster/home/yh522379/realchords-pytorch/data/cache/nottingham
2026-06-15 02:10:30 - realchords - INFO - Time taken to load dataset: 0.16 seconds
2026-06-15 02:10:30 - realchords - INFO - Loaded 2821 chord names from data/cache/chord_names_augmented.json
2026-06-15 02:10:30 - realchords - INFO - Loaded 10595 items
  nottingham: 10,595 items (0.2s)
Using RepeatableWeightedSampler for training split.

Weighted joint dataset created:
   Total items: 272,935
   Sampling weights: {'hooktheory': 0.5, 'wikifonia': 0.2, 'pop909': 0.2, 'nottingham': 0.1}
=== Loading Weighted Joint Dataset ===
Datasets: hooktheory, wikifonia, pop909, nottingham
Weights: [0.5, 0.2, 0.2, 0.1]
Split: valid
Augmentation: True

Loading hooktheory (weight: 50.0%)...
2026-06-15 02:10:31 - realchords - INFO - Data cache dir: /rwthfs/rz/cluster/home/yh522379/realchords-pytorch/data/cache/hooktheory
2026-06-15 02:10:31 - realchords - INFO - Time taken to load dataset: 0.04 seconds
2026-06-15 02:10:31 - realchords - INFO - Loaded 2821 chord names from data/cache/chord_names_augmented.json
2026-06-15 02:10:31 - realchords - INFO - Loaded 1943 items
  hooktheory: 1,943 items (0.0s)
Loading wikifonia (weight: 20.0%)...
2026-06-15 02:10:31 - realchords - INFO - Data cache dir: /rwthfs/rz/cluster/home/yh522379/realchords-pytorch/data/cache/wikifonia
2026-06-15 02:10:31 - realchords - INFO - Time taken to load dataset: 0.00 seconds
2026-06-15 02:10:31 - realchords - INFO - Loaded 2821 chord names from data/cache/chord_names_augmented.json
2026-06-15 02:10:31 - realchords - INFO - Loaded 50 items
  wikifonia: 50 items (0.0s)
Loading pop909 (weight: 20.0%)...
2026-06-15 02:10:31 - realchords - INFO - Data cache dir: /rwthfs/rz/cluster/home/yh522379/realchords-pytorch/data/cache/pop909
2026-06-15 02:10:31 - realchords - INFO - Time taken to load dataset: 0.01 seconds
2026-06-15 02:10:31 - realchords - INFO - Loaded 2821 chord names from data/cache/chord_names_augmented.json
2026-06-15 02:10:31 - realchords - INFO - Loaded 90 items
  pop909: 90 items (0.0s)
Loading nottingham (weight: 10.0%)...
2026-06-15 02:10:31 - realchords - INFO - Data cache dir: /rwthfs/rz/cluster/home/yh522379/realchords-pytorch/data/cache/nottingham
2026-06-15 02:10:31 - realchords - INFO - Time taken to load dataset: 0.00 seconds
2026-06-15 02:10:31 - realchords - INFO - Loaded 2821 chord names from data/cache/chord_names_augmented.json
2026-06-15 02:10:31 - realchords - INFO - Loaded 101 items
  nottingham: 101 items (0.0s)
Using deterministic weighted interleaving for eval (no sampler).

Weighted joint dataset created:
   Total items: 2,184
   Sampling weights: {'hooktheory': 0.5, 'wikifonia': 0.2, 'pop909': 0.2, 'nottingham': 0.1}
Note: 'shuffle' is ignored for train since a sampler is used.
2026-06-15 02:10:37 - realchords - INFO - Loading model from /hpcwork/thes2192/realchords/logs/my_logs/decoder_only_online_chord/step=11000.ckpt
=== Loading Weighted Joint Dataset ===
Datasets: hooktheory
Weights: [1.0]
Split: train
Augmentation: True

Loading hooktheory (weight: 100.0%)...
2026-06-15 02:10:37 - realchords - INFO - Data cache dir: /rwthfs/rz/cluster/home/yh522379/realchords-pytorch/data/cache/hooktheory
2026-06-15 02:10:40 - realchords - INFO - Time taken to load dataset: 3.16 seconds
2026-06-15 02:10:40 - realchords - INFO - Loaded 2821 chord names from /rwthfs/rz/cluster/home/yh522379/realchords-pytorch/data/cache/hooktheory/chord_names_augmented.json
2026-06-15 02:10:40 - realchords - INFO - Loaded 247676 items
  hooktheory: 247,676 items (3.2s)
Using RepeatableWeightedSampler for training split.

Weighted joint dataset created:
   Total items: 247,676
   Sampling weights: {'hooktheory': 1.0}
=== Loading Weighted Joint Dataset ===
Datasets: hooktheory
Weights: [1.0]
Split: valid
Augmentation: True

Loading hooktheory (weight: 100.0%)...
2026-06-15 02:10:40 - realchords - INFO - Data cache dir: /rwthfs/rz/cluster/home/yh522379/realchords-pytorch/data/cache/hooktheory
2026-06-15 02:10:40 - realchords - INFO - Time taken to load dataset: 0.03 seconds
2026-06-15 02:10:40 - realchords - INFO - Loaded 2821 chord names from /rwthfs/rz/cluster/home/yh522379/realchords-pytorch/data/cache/hooktheory/chord_names_augmented.json
2026-06-15 02:10:40 - realchords - INFO - Loaded 1943 items
  hooktheory: 1,943 items (0.0s)
Using deterministic weighted interleaving for eval (no sampler).

Weighted joint dataset created:
   Total items: 1,943
   Sampling weights: {'hooktheory': 1.0}
Note: 'shuffle' is ignored for train since a sampler is used.
2026-06-15 02:10:48 - realchords - INFO - Data cache dir: /rwthfs/rz/cluster/home/yh522379/realchords-pytorch/data/cache/hooktheory
2026-06-15 02:10:48 - realchords - INFO - Time taken to load dataset: 0.06 seconds
2026-06-15 02:10:48 - realchords - INFO - Loaded 2821 chord names from /rwthfs/rz/cluster/home/yh522379/realchords-pytorch/data/cache/chord_names_augmented.json
2026-06-15 02:10:48 - realchords - INFO - Loaded 1943 items
2026-06-15 02:10:48 - realchords - INFO - Data cache dir: /rwthfs/rz/cluster/home/yh522379/realchords-pytorch/data/cache/hooktheory
2026-06-15 02:10:48 - realchords - INFO - Time taken to load dataset: 0.41 seconds
2026-06-15 02:10:48 - realchords - INFO - Loaded 2821 chord names from /rwthfs/rz/cluster/home/yh522379/realchords-pytorch/data/cache/chord_names_augmented.json
2026-06-15 02:10:48 - realchords - INFO - Loaded 1943 items
Generating with model vs model
  0%|          | 0/64 [00:00<?, ?it/s]  0%|          | 0/64 [01:01<?, ?it/s]
Adjusted target_seq_len to 513 to ensure odd total length
Traceback (most recent call last):
  File "/rwthfs/rz/cluster/home/yh522379/realchords-pytorch/scripts/generate_sequences.py", line 401, in <module>
    main()
  File "/rwthfs/rz/cluster/home/yh522379/realchords-pytorch/scripts/generate_sequences.py", line 359, in main
    generated_all = handle_model_vs_model_generation(
                    ^^^^^^^^^^^^^^^^^^^^^^^^^^^^^^^^^
  File "/rwthfs/rz/cluster/home/yh522379/realchords-pytorch/realchords/utils/experiment_utils_model_model.py", line 383, in handle_model_vs_model_generation
    kl_chord = compute_social_influence_kl(
               ^^^^^^^^^^^^^^^^^^^^^^^^^^^^
  File "/rwthfs/rz/cluster/home/yh522379/realchords-pytorch/realchords/utils/experiment_utils.py", line 344, in compute_social_influence_kl
    return compute_full_kl(logits_online, logits_semi_online)
           ^^^^^^^^^^^^^^^^^^^^^^^^^^^^^^^^^^^^^^^^^^^^^^^^^^
  File "/rwthfs/rz/cluster/home/yh522379/realchords-pytorch/realchords/rl/utils.py", line 59, in compute_full_kl
    kl_divergence = torch.sum(probs * (log_probs - log_probs_base), dim=-1)
                              ~~~~~~^~~~~~~~~~~~~~~~~~~~~~~~~~~~~~
torch.OutOfMemoryError: CUDA out of memory. Tried to allocate 370.00 MiB. GPU 0 has a total capacity of 93.10 GiB of which 372.94 MiB is free. Process 214607 has 14.33 GiB memory in use. Process 214587 has 7.72 GiB memory in use. Process 214627 has 7.81 GiB memory in use. Including non-PyTorch memory, this process has 4.39 GiB memory in use. Process 214621 has 5.62 GiB memory in use. Process 214637 has 7.31 GiB memory in use. Process 214642 has 8.32 GiB memory in use. Process 214592 has 7.84 GiB memory in use. Process 214582 has 13.50 GiB memory in use. Process 214612 has 5.17 GiB memory in use. Process 214645 has 4.59 GiB memory in use. Process 214617 has 6.04 GiB memory in use. Of the allocated memory 3.72 GiB is allocated by PyTorch, and 8.23 MiB is reserved by PyTorch but unallocated. If reserved but unallocated memory is large try setting PYTORCH_CUDA_ALLOC_CONF=expandable_segments:True to avoid fragmentation.  See documentation for Memory Management  (https://pytorch.org/docs/stable/notes/cuda.html#environment-variables)
