TORCH_EXTENSIONS_DIR=/hpcwork/thes2192/realchords/.cache/torch_extensions
=== toolchain check ===
PATH=/rwthfs/rz/cluster/home/yh522379/realchords-pytorch/.venv/bin:/cvmfs/software.hpc.rwth.de/Linux/RH9/x86_64/intel/sapphirerapids/software/FFmpeg/7.0.2-GCCcore-13.3.0/bin:/cvmfs/software.hpc.rwth.de/Linux/RH9/x86_64/intel/sapphirerapids/software/SDL2/2.30.6-GCCcore-13.3.0/bin:/cvmfs/software.hpc.rwth.de/Linux/RH9/x86_64/intel/sapphirerapids/software/FriBidi/1.0.15-GCCcore-13.3.0/bin:/cvmfs/software.hpc.rwth.de/Linux/RH9/x86_64/intel/sapphirerapids/software/X11/20240607-GCCcore-13.3.0/bin:/cvmfs/software.hpc.rwth.de/Linux/RH9/x86_64/intel/sapphirerapids/software/fontconfig/2.15.0-GCCcore-13.3.0/bin:/cvmfs/software.hpc.rwth.de/Linux/RH9/x86_64/intel/sapphirerapids/software/util-linux/2.40-GCCcore-13.3.0/sbin:/cvmfs/software.hpc.rwth.de/Linux/RH9/x86_64/intel/sapphirerapids/software/util-linux/2.40-GCCcore-13.3.0/bin:/cvmfs/software.hpc.rwth.de/Linux/RH9/x86_64/intel/sapphirerapids/software/freetype/2.13.2-GCCcore-13.3.0/bin:/cvmfs/software.hpc.rwth.de/Linux/RH9/x86_64/intel/sapphirerapids/software/Brotli/1.1.0-GCCcore-13.3.0/bin:/cvmfs/software.hpc.rwth.de/Linux/RH9/x86_64/intel/sapphirerapids/software/libpng/1.6.43-GCCcore-13.3.0/bin:/cvmfs/software.hpc.rwth.de/Linux/RH9/x86_64/intel/sapphirerapids/software/expat/2.6.2-GCCcore-13.3.0/bin:/cvmfs/software.hpc.rwth.de/Linux/RH9/x86_64/intel/sapphirerapids/software/x265/3.6-GCCcore-13.3.0/bin:/cvmfs/software.hpc.rwth.de/Linux/RH9/x86_64/intel/sapphirerapids/software/LAME/3.100-GCCcore-13.3.0/bin:/cvmfs/software.hpc.rwth.de/Linux/RH9/x86_64/intel/sapphirerapids/software/x264/20240513-GCCcore-13.3.0/bin:/cvmfs/software.hpc.rwth.de/Linux/RH9/x86_64/intel/sapphirerapids/software/NASM/2.16.03-GCCcore-13.3.0/bin:/cvmfs/software.hpc.rwth.de/Linux/RH9/x86_64/intel/sapphirerapids/software/Python/3.12.3-GCCcore-13.3.0/bin:/cvmfs/software.hpc.rwth.de/Linux/RH9/x86_64/intel/sapphirerapids/software/OpenSSL/3/bin:/cvmfs/software.hpc.rwth.de/Linux/RH9/x86_64/intel/sapphirerapids/software/XZ/5.4.5-GCCcore-13.3.0/bin:/cvmfs/software.hpc.rwth.de/Linux/RH9/x86_64/intel/sapphirerapids/software/SQLite/3.45.3-GCCcore-13.3.0/bin:/cvmfs/software.hpc.rwth.de/Linux/RH9/x86_64/intel/sapphirerapids/software/Tcl/8.6.14-GCCcore-13.3.0/bin:/cvmfs/software.hpc.rwth.de/Linux/RH9/x86_64/intel/sapphirerapids/software/ncurses/6.5-GCCcore-13.3.0/bin:/cvmfs/software.hpc.rwth.de/Linux/RH9/x86_64/intel/sapphirerapids/software/bzip2/1.0.8-GCCcore-13.3.0/bin:/home/yh522379/.local/bin:/cvmfs/software.hpc.rwth.de/Linux/RH9/x86_64/intel/sapphirerapids/software/impi/2021.13.0-intel-compilers-2024.2.0/mpi/2021.13/libfabric/bin:/cvmfs/software.hpc.rwth.de/Linux/RH9/x86_64/intel/sapphirerapids/software/impi/2021.13.0-intel-compilers-2024.2.0/mpi/2021.13/bin:/cvmfs/software.hpc.rwth.de/Linux/RH9/x86_64/intel/sapphirerapids/software/intel-compilers/2024.2.0/compiler/2024.2/bin:/cvmfs/software.hpc.rwth.de/Linux/RH9/x86_64/intel/sapphirerapids/software/binutils/2.42-GCCcore-13.3.0/bin:/cvmfs/software.hpc.rwth.de/Linux/RH9/x86_64/intel/sapphirerapids/software/GCCcore/13.3.0/bin:/usr/local_host/bin:/usr/local_host/sbin:/usr/local_rwth/bin:/usr/local_rwth/sbin:/usr/bin:/usr/sbin:/bin:/sbin:/opt/singularity/bin:/usr/local/bin:/usr/local/sbin:/opt/slurm/current/sbin:/opt/slurm/current/bin
ffmpeg: /cvmfs/software.hpc.rwth.de/Linux/RH9/x86_64/intel/sapphirerapids/software/FFmpeg/7.0.2-GCCcore-13.3.0/bin/ffmpeg
fluidsynth: /home/yh522379/.local/bin/fluidsynth
ffmpeg version 7.0.2 Copyright (c) 2000-2024 the FFmpeg developers
FluidSynth runtime version 2.5.3
audioread backends: [<class 'audioread.rawread.RawAudioFile'>, <class 'audioread.ffdec.FFmpegAudioFile'>]
=== end toolchain check ===
=== nvidia-smi (job 31874) ===
Sun Apr 26 23:10:43 2026       
+-----------------------------------------------------------------------------------------+
| NVIDIA-SMI 570.211.01             Driver Version: 570.211.01     CUDA Version: 12.8     |
|-----------------------------------------+------------------------+----------------------+
| GPU  Name                 Persistence-M | Bus-Id          Disp.A | Volatile Uncorr. ECC |
| Fan  Temp   Perf          Pwr:Usage/Cap |           Memory-Usage | GPU-Util  Compute M. |
|                                         |                        |               MIG M. |
|=========================================+========================+======================|
|   0  NVIDIA H100                    On  |   00000000:1B:00.0 Off |                    0 |
| N/A   37C    P0             69W /  700W |       0MiB /  95830MiB |      0%      Default |
|                                         |                        |             Disabled |
+-----------------------------------------+------------------------+----------------------+
                                                                                         
+-----------------------------------------------------------------------------------------+
| Processes:                                                                              |
|  GPU   GI   CI              PID   Type   Process name                        GPU Memory |
|        ID   ID                                                               Usage      |
|=========================================================================================|
|  No running processes found                                                             |
+-----------------------------------------------------------------------------------------+
=== end nvidia-smi ===
=== Loading Weighted Joint Dataset ===
Datasets: hooktheory, wikifonia, pop909, nottingham
Weights: [0.5, 0.2, 0.2, 0.1]
Split: train
Augmentation: True

Loading hooktheory (weight: 50.0%)...
2026-04-26 23:11:37 - realchords - INFO - Data cache dir: /rwthfs/rz/cluster/home/yh522379/realchords-pytorch/data/cache/hooktheory
2026-04-26 23:11:38 - realchords - INFO - Time taken to load dataset: 1.22 seconds
2026-04-26 23:11:38 - realchords - INFO - Loaded 2821 chord names from data/cache/chord_names_augmented.json
2026-04-26 23:11:38 - realchords - INFO - Loaded 247676 items
  hooktheory: 247,676 items (1.2s)
Loading wikifonia (weight: 20.0%)...
2026-04-26 23:11:38 - realchords - INFO - Data cache dir: /rwthfs/rz/cluster/home/yh522379/realchords-pytorch/data/cache/wikifonia
2026-04-26 23:11:38 - realchords - INFO - Time taken to load dataset: 0.10 seconds
2026-04-26 23:11:38 - realchords - INFO - Loaded 2821 chord names from data/cache/chord_names_augmented.json
2026-04-26 23:11:38 - realchords - INFO - Loaded 5213 items
  wikifonia: 5,213 items (0.1s)
Loading pop909 (weight: 20.0%)...
2026-04-26 23:11:38 - realchords - INFO - Data cache dir: /rwthfs/rz/cluster/home/yh522379/realchords-pytorch/data/cache/pop909
2026-04-26 23:11:39 - realchords - INFO - Time taken to load dataset: 0.36 seconds
2026-04-26 23:11:39 - realchords - INFO - Loaded 2821 chord names from data/cache/chord_names_augmented.json
2026-04-26 23:11:39 - realchords - INFO - Loaded 9451 items
  pop909: 9,451 items (0.4s)
Loading nottingham (weight: 10.0%)...
2026-04-26 23:11:39 - realchords - INFO - Data cache dir: /rwthfs/rz/cluster/home/yh522379/realchords-pytorch/data/cache/nottingham
2026-04-26 23:11:39 - realchords - INFO - Time taken to load dataset: 0.16 seconds
2026-04-26 23:11:39 - realchords - INFO - Loaded 2821 chord names from data/cache/chord_names_augmented.json
2026-04-26 23:11:39 - realchords - INFO - Loaded 10595 items
  nottingham: 10,595 items (0.2s)
Using RepeatableWeightedSampler for training split.

Weighted joint dataset created:
   Total items: 272,935
   Sampling weights: {'hooktheory': 0.5, 'wikifonia': 0.2, 'pop909': 0.2, 'nottingham': 0.1}
=== Loading Weighted Joint Dataset ===
Datasets: hooktheory, wikifonia, pop909, nottingham
Weights: [0.5, 0.2, 0.2, 0.1]
Split: valid
Augmentation: True

Loading hooktheory (weight: 50.0%)...
2026-04-26 23:11:39 - realchords - INFO - Data cache dir: /rwthfs/rz/cluster/home/yh522379/realchords-pytorch/data/cache/hooktheory
2026-04-26 23:11:39 - realchords - INFO - Time taken to load dataset: 0.06 seconds
2026-04-26 23:11:39 - realchords - INFO - Loaded 2821 chord names from data/cache/chord_names_augmented.json
2026-04-26 23:11:39 - realchords - INFO - Loaded 1943 items
  hooktheory: 1,943 items (0.1s)
Loading wikifonia (weight: 20.0%)...
2026-04-26 23:11:39 - realchords - INFO - Data cache dir: /rwthfs/rz/cluster/home/yh522379/realchords-pytorch/data/cache/wikifonia
2026-04-26 23:11:39 - realchords - INFO - Time taken to load dataset: 0.01 seconds
2026-04-26 23:11:39 - realchords - INFO - Loaded 2821 chord names from data/cache/chord_names_augmented.json
2026-04-26 23:11:39 - realchords - INFO - Loaded 50 items
  wikifonia: 50 items (0.0s)
Loading pop909 (weight: 20.0%)...
2026-04-26 23:11:39 - realchords - INFO - Data cache dir: /rwthfs/rz/cluster/home/yh522379/realchords-pytorch/data/cache/pop909
2026-04-26 23:11:39 - realchords - INFO - Time taken to load dataset: 0.02 seconds
2026-04-26 23:11:39 - realchords - INFO - Loaded 2821 chord names from data/cache/chord_names_augmented.json
2026-04-26 23:11:39 - realchords - INFO - Loaded 90 items
  pop909: 90 items (0.0s)
Loading nottingham (weight: 10.0%)...
2026-04-26 23:11:39 - realchords - INFO - Data cache dir: /rwthfs/rz/cluster/home/yh522379/realchords-pytorch/data/cache/nottingham
2026-04-26 23:11:39 - realchords - INFO - Time taken to load dataset: 0.02 seconds
2026-04-26 23:11:39 - realchords - INFO - Loaded 2821 chord names from data/cache/chord_names_augmented.json
2026-04-26 23:11:39 - realchords - INFO - Loaded 101 items
  nottingham: 101 items (0.0s)
Using deterministic weighted interleaving for eval (no sampler).

Weighted joint dataset created:
   Total items: 2,184
   Sampling weights: {'hooktheory': 0.5, 'wikifonia': 0.2, 'pop909': 0.2, 'nottingham': 0.1}
Note: 'shuffle' is ignored for train since a sampler is used.
┏━━━┳━━━━━━━┳━━━━━━━━━━━━━━━━━┳━━━━━━━━┳━━━━━━━┳━━━━━━━┓
┃   ┃ Name  ┃ Type            ┃ Params ┃ Mode  ┃ FLOPs ┃
┡━━━╇━━━━━━━╇━━━━━━━━━━━━━━━━━╇━━━━━━━━╇━━━━━━━╇━━━━━━━┩
│ 0 │ model │ OptimizedModule │ 39.6 M │ train │     0 │
└───┴───────┴─────────────────┴────────┴───────┴───────┘
Trainable params: 39.6 M                                                        
Non-trainable params: 0                                                         
Total params: 39.6 M                                                            
Total estimated model params size (MB): 158                                     
Modules in train mode: 224                                                      
Modules in eval mode: 0                                                         
Total FLOPs: 0                                                                  
targets shape: torch.Size([64, 513])
Time to generate: 7.1387763023376465
2026-04-26 23:12:17 - realchords - ERROR - Error converting to MIDI: Invalid melody frame: CHORD_ON_Ao7
2026-04-26 23:12:17 - realchords - ERROR - Error converting to MIDI: Invalid chord frame: NOTE_ON_125
2026-04-26 23:12:17 - realchords - ERROR - Error converting to MIDI: Invalid melody frame: CHORD_ON_Co/Eb
2026-04-26 23:12:17 - realchords - ERROR - Error converting to MIDI: Chord off without chord on: E6 -> Gbmaj11/Bb
2026-04-26 23:12:17 - realchords - ERROR - Error converting to MIDI: Invalid melody frame: CHORD_ON_F7(b13)/Db
2026-04-26 23:12:17 - realchords - ERROR - Error converting to MIDI: Chord off without chord on: Ab6(addb2) -> Abm6/B
2026-04-26 23:12:17 - realchords - ERROR - Error converting to MIDI: Invalid melody frame: CHORD_Dbmmaj7/E
2026-04-26 23:12:17 - realchords - ERROR - Error converting to MIDI: Chord off without chord on: Dmmaj7/F -> Gbm7b5(add6)
2026-04-26 23:12:17 - realchords - ERROR - Error converting to MIDI: Invalid melody frame: CHORD_ON_Bmaj11/Gb
2026-04-26 23:12:17 - realchords - ERROR - Error converting to MIDI: Chord off without chord on: Gm7(addb2) -> Cmaj11/F
2026-04-26 23:12:17 - realchords - ERROR - Error converting to MIDI: Invalid melody frame: CHORD_ON_Gbsus7(add6)
2026-04-26 23:12:17 - realchords - ERROR - Error converting to MIDI: Chord off without chord on: Bbo(addb2) -> Csus(add6)
2026-04-26 23:12:17 - realchords - ERROR - Error converting to MIDI: Invalid melody frame: CHORD_ON_Cped(addb7)(add2)
2026-04-26 23:12:17 - realchords - ERROR - Error converting to MIDI: Chord off without chord on: Db11(b13) -> B6/9(addb2)/Ab
2026-04-26 23:12:17 - realchords - ERROR - Error converting to MIDI: Invalid melody frame: CHORD_ON_Cm7b5(add6)
2026-04-26 23:12:17 - realchords - ERROR - Error converting to MIDI: Chord off without chord on: Gbsus7(b13)/E -> Fmmaj7(add2)/Ab
targets shape: torch.Size([64, 513])
Time to generate: 7.399670362472534
2026-04-26 23:23:38 - realchords - ERROR - Error converting to MIDI: Note off without note on: 69 -> 71
2026-04-26 23:23:38 - realchords - ERROR - Error converting to MIDI: Invalid chord frame: NOTE_ON_80
2026-04-26 23:23:38 - realchords - ERROR - Error converting to MIDI: Chord off without chord on: Ebm -> Abm
targets shape: torch.Size([64, 513])
Time to generate: 7.458654165267944
2026-04-26 23:34:40 - realchords - ERROR - Error converting to MIDI: Note off without note on: 68 -> 72
2026-04-26 23:34:40 - realchords - ERROR - Error converting to MIDI: Chord off without chord on: Cm(add4) -> Dbm
targets shape: torch.Size([64, 513])
Time to generate: 7.476268529891968
2026-04-26 23:45:40 - realchords - ERROR - Error converting to MIDI: Chord off without chord on: Absus2 -> Eb(add2)
2026-04-26 23:45:40 - realchords - ERROR - Error converting to MIDI: Note off without note on: 84 -> 88
2026-04-26 23:45:40 - realchords - ERROR - Error converting to MIDI: Note off without note on: 70 -> 67
2026-04-26 23:45:40 - realchords - ERROR - Error converting to MIDI: Note off without note on: 80 -> 83
targets shape: torch.Size([64, 513])
Time to generate: 7.466696500778198
2026-04-26 23:56:41 - realchords - ERROR - Error converting to MIDI: Chord off without chord on: Gb -> Dbo(add4)/Gb
2026-04-26 23:56:41 - realchords - ERROR - Error converting to MIDI: Chord off without chord on: Eb -> Cm
2026-04-26 23:56:41 - realchords - ERROR - Error converting to MIDI: Note off without note on: 67 -> 70
targets shape: torch.Size([64, 513])
Time to generate: 7.1559672355651855
2026-04-27 00:07:43 - realchords - ERROR - Error converting to MIDI: Note off without note on: 73 -> 69
2026-04-27 00:07:43 - realchords - ERROR - Error converting to MIDI: Invalid melody frame: CHORD_Ebmaj13/Ab
2026-04-27 00:07:43 - realchords - ERROR - Error converting to MIDI: Chord off without chord on: Gsus2 -> G
2026-04-27 00:07:43 - realchords - ERROR - Error converting to MIDI: Note off without note on: 64 -> 67
targets shape: torch.Size([64, 513])
Time to generate: 7.119509935379028
2026-04-27 00:18:46 - realchords - ERROR - Error converting to MIDI: Note off without note on: 78 -> 66
2026-04-27 00:18:46 - realchords - ERROR - Error converting to MIDI: Note off without note on: 87 -> 75
2026-04-27 00:18:46 - realchords - ERROR - Error converting to MIDI: Note off without note on: 66 -> 78
2026-04-27 00:18:46 - realchords - ERROR - Error converting to MIDI: Note off without note on: 75 -> 70
2026-04-27 00:18:46 - realchords - ERROR - Error converting to MIDI: Chord off without chord on: Gsus2 -> Gmaj7
2026-04-27 00:18:46 - realchords - ERROR - Error converting to MIDI: Chord off without chord on: Bb7 -> F7
2026-04-27 00:18:46 - realchords - ERROR - Error converting to MIDI: Chord off without chord on: Dsus(add7) -> Asus7/D
Epoch 0/-2 ━━━━━━━━━━━━━━━ 30000/30000 1:06:18 •       7.83it/s v_num: 6dca     
                                       0:00:00                  train/loss:     
                                                                0.194 grad_norm:
                                                                0.317 val/loss: 
                                                                0.561 val/acc:  
                                                                0.611           
[1;34mwandb[0m: 
[1;34mwandb[0m: 🚀 View run [33mdecoder_only_online_melody_4_datasets[0m at: [34mhttps://wandb.ai/ikunabel/realchords/runs/kfgh6dca[0m
[1;34mwandb[0m: Find logs at: [1;35m../../../../../../hpcwork/thes2192/realchords/logs/my_logs/decoder_only_online_melody_4_datasets/wandb/run-20260426_231154-kfgh6dca/logs[0m
