[INFO] Module Python/3.12.3 loaded.
[INFO] Module FFmpeg/7.0.2 loaded.
[rank: 0] Seed set to 42
Using bfloat16 Automatic Mixed Precision (AMP)
GPU available: True (cuda), used: True
TPU available: False, using: 0 TPU cores
💡 Tip: For seamless cloud logging and experiment tracking, try installing [litlogger](https://pypi.org/project/litlogger/) to enable LitLogger, which logs metrics and artifacts automatically to the Lightning Experiments platform.
wandb: WARNING The anonymous setting has no effect and will be removed in a future version.
wandb: [wandb.login()] Loaded credentials for https://api.wandb.ai from /home/yh522379/.netrc.
wandb: Currently logged in as: ikunabel to https://api.wandb.ai. Use `wandb login --relogin` to force relogin
wandb: setting up run rt1nb57j
wandb: Tracking run with wandb version 0.25.1
wandb: Run data is saved locally in /hpcwork/thes2192/realchords/logs/my_logs/enc_dec_base_melody_4_datasets/wandb/run-20260424_032658-rt1nb57j
wandb: Run `wandb offline` to turn off syncing.
wandb: Syncing run enc_dec_base_melody_4_datasets
wandb: ⭐️ View project at https://wandb.ai/ikunabel/realchords
wandb: 🚀 View run at https://wandb.ai/ikunabel/realchords/runs/rt1nb57j
/rwthfs/rz/cluster/home/yh522379/realchords-pytorch/.venv/lib/python3.12/site-packages/lightning/pytorch/callbacks/model_checkpoint.py:881: Checkpoint directory /rwthfs/rz/cluster/hpcwork/thes2192/realchords/logs/my_logs/enc_dec_base_melody_4_datasets exists and is not empty.
LOCAL_RANK: 0 - CUDA_VISIBLE_DEVICES: [0]
/rwthfs/rz/cluster/home/yh522379/realchords-pytorch/.venv/lib/python3.12/site-packages/lightning/pytorch/utilities/model_summary/model_summary.py:242: Precision bf16-mixed is not supported by the model summary.  Estimated model size in MB will not be accurate. Using 32 bits instead.
SLURM auto-requeueing enabled. Setting signal handlers.
W0424 03:27:03.453000 467316 .venv/lib/python3.12/site-packages/torch/_dynamo/variables/builtin.py:898] [0/0] incorrect arg count <bound method BuiltinVariable.call_next of BuiltinVariable(next)> too many positional arguments and no constant handler
W0424 03:27:04.867000 467316 .venv/lib/python3.12/site-packages/torch/_dynamo/variables/builtin.py:898] [1/0] incorrect arg count <bound method BuiltinVariable.call_next of BuiltinVariable(next)> too many positional arguments and no constant handler
W0424 03:27:06.017000 467316 .venv/lib/python3.12/site-packages/torch/_dynamo/variables/builtin.py:898] [2/0] incorrect arg count <bound method BuiltinVariable.call_next of BuiltinVariable(next)> too many positional arguments and no constant handler
W0424 03:27:12.918000 467316 .venv/lib/python3.12/site-packages/torch/_dynamo/variables/builtin.py:898] [13/0] incorrect arg count <bound method BuiltinVariable.call_next of BuiltinVariable(next)> too many positional arguments and no constant handler
W0424 03:27:13.096000 467316 .venv/lib/python3.12/site-packages/torch/_dynamo/variables/builtin.py:898] [14/0] incorrect arg count <bound method BuiltinVariable.call_next of BuiltinVariable(next)> too many positional arguments and no constant handler
W0424 03:27:13.333000 467316 .venv/lib/python3.12/site-packages/torch/_dynamo/variables/builtin.py:898] [1/1] incorrect arg count <bound method BuiltinVariable.call_next of BuiltinVariable(next)> too many positional arguments and no constant handler
W0424 03:27:17.291000 467316 .venv/lib/python3.12/site-packages/torch/fx/experimental/symbolic_shapes.py:6823] [6/1] _maybe_guard_rel() was called on non-relation expression Eq(s0, 1) | Eq(s0, s49)
W0424 03:27:22.836000 467316 .venv/lib/python3.12/site-packages/torch/fx/experimental/symbolic_shapes.py:6823] [6/2] _maybe_guard_rel() was called on non-relation expression Eq(s69, 1) | Eq(s69, s49)
/rwthfs/rz/cluster/home/yh522379/realchords-pytorch/.venv/lib/python3.12/site-packages/lightning/pytorch/utilities/data.py:79: Trying to infer the `batch_size` from an ambiguous collection. The batch size we found is 64. To avoid any miscalculations, use `self.log(..., batch_size=batch_size)`.
W0424 03:27:40.533000 467316 .venv/lib/python3.12/site-packages/torch/_dynamo/variables/builtin.py:898] [0/1] incorrect arg count <bound method BuiltinVariable.call_next of BuiltinVariable(next)> too many positional arguments and no constant handler
W0424 03:27:40.727000 467316 .venv/lib/python3.12/site-packages/torch/_dynamo/variables/builtin.py:898] [1/2] incorrect arg count <bound method BuiltinVariable.call_next of BuiltinVariable(next)> too many positional arguments and no constant handler
W0424 03:27:44.718000 467316 .venv/lib/python3.12/site-packages/torch/fx/experimental/symbolic_shapes.py:6823] [6/3] _maybe_guard_rel() was called on non-relation expression Eq(s69, 1) | Eq(s69, s49)
W0424 03:27:51.704000 467316 .venv/lib/python3.12/site-packages/torch/_dynamo/variables/builtin.py:898] [13/1] incorrect arg count <bound method BuiltinVariable.call_next of BuiltinVariable(next)> too many positional arguments and no constant handler
W0424 03:27:51.905000 467316 .venv/lib/python3.12/site-packages/torch/_dynamo/variables/builtin.py:898] [14/1] incorrect arg count <bound method BuiltinVariable.call_next of BuiltinVariable(next)> too many positional arguments and no constant handler
W0424 03:27:52.146000 467316 .venv/lib/python3.12/site-packages/torch/_dynamo/variables/builtin.py:898] [1/3] incorrect arg count <bound method BuiltinVariable.call_next of BuiltinVariable(next)> too many positional arguments and no constant handler
W0424 03:27:54.943000 467316 .venv/lib/python3.12/site-packages/torch/fx/experimental/symbolic_shapes.py:6823] [6/4] _maybe_guard_rel() was called on non-relation expression Eq(s0, 1) | Eq(s0, s49)
W0424 03:28:05.153000 467316 .venv/lib/python3.12/site-packages/torch/fx/experimental/symbolic_shapes.py:6823] [6/5] _maybe_guard_rel() was called on non-relation expression Eq(s69, 1) | Eq(s69, s49)
W0424 03:30:59.313000 467316 .venv/lib/python3.12/site-packages/torch/_dynamo/variables/builtin.py:898] [0/2] incorrect arg count <bound method BuiltinVariable.call_next of BuiltinVariable(next)> too many positional arguments and no constant handler
W0424 03:30:59.530000 467316 .venv/lib/python3.12/site-packages/torch/_dynamo/variables/builtin.py:898] [1/4] incorrect arg count <bound method BuiltinVariable.call_next of BuiltinVariable(next)> too many positional arguments and no constant handler
W0424 03:31:01.766000 467316 .venv/lib/python3.12/site-packages/torch/fx/experimental/symbolic_shapes.py:6823] [6/6] _maybe_guard_rel() was called on non-relation expression Eq(s85, 1) | Eq(s85, s37)
W0424 03:31:01.924000 467316 .venv/lib/python3.12/site-packages/torch/fx/experimental/symbolic_shapes.py:6823] [6/6] _maybe_guard_rel() was called on non-relation expression Eq(s31, 1) | Eq(s31, s33)
W0424 03:31:01.926000 467316 .venv/lib/python3.12/site-packages/torch/fx/experimental/symbolic_shapes.py:6823] [6/6] _maybe_guard_rel() was called on non-relation expression Eq(s69, 1) | Eq(s69, s49)
wandb: WARNING Artifact "run-rt1nb57j-song_url" already exists with the same content. No new version will be created.
W0424 03:31:07.070000 467316 .venv/lib/python3.12/site-packages/torch/_dynamo/variables/builtin.py:898] [13/2] incorrect arg count <bound method BuiltinVariable.call_next of BuiltinVariable(next)> too many positional arguments and no constant handler
W0424 03:31:07.328000 467316 .venv/lib/python3.12/site-packages/torch/_dynamo/variables/builtin.py:898] [14/2] incorrect arg count <bound method BuiltinVariable.call_next of BuiltinVariable(next)> too many positional arguments and no constant handler
W0424 03:31:07.585000 467316 .venv/lib/python3.12/site-packages/torch/_dynamo/variables/builtin.py:898] [1/5] incorrect arg count <bound method BuiltinVariable.call_next of BuiltinVariable(next)> too many positional arguments and no constant handler
W0424 03:31:09.662000 467316 .venv/lib/python3.12/site-packages/torch/fx/experimental/symbolic_shapes.py:6823] [6/7] _maybe_guard_rel() was called on non-relation expression Eq(s85, 1) | Eq(s85, s37)
W0424 03:31:09.848000 467316 .venv/lib/python3.12/site-packages/torch/fx/experimental/symbolic_shapes.py:6823] [6/7] _maybe_guard_rel() was called on non-relation expression Eq(s31, 1) | Eq(s31, s33)
W0424 03:31:09.850000 467316 .venv/lib/python3.12/site-packages/torch/fx/experimental/symbolic_shapes.py:6823] [6/7] _maybe_guard_rel() was called on non-relation expression Eq(s0, 1) | Eq(s0, s49)
W0424 03:31:13.391000 467316 .venv/lib/python3.12/site-packages/torch/_dynamo/convert_frame.py:1016] [5/8] torch._dynamo hit config.recompile_limit (8)
W0424 03:31:13.391000 467316 .venv/lib/python3.12/site-packages/torch/_dynamo/convert_frame.py:1016] [5/8]    function: 'forward' (/rwthfs/rz/cluster/home/yh522379/realchords-pytorch/.venv/lib/python3.12/site-packages/x_transformers/x_transformers.py:1527)
W0424 03:31:13.391000 467316 .venv/lib/python3.12/site-packages/torch/_dynamo/convert_frame.py:1016] [5/8]    last reason: 5/7: context is None                                        
W0424 03:31:13.391000 467316 .venv/lib/python3.12/site-packages/torch/_dynamo/convert_frame.py:1016] [5/8] To log all recompilation reasons, use TORCH_LOGS="recompiles".
W0424 03:31:13.391000 467316 .venv/lib/python3.12/site-packages/torch/_dynamo/convert_frame.py:1016] [5/8] To diagnose recompilation issues, see https://pytorch.org/docs/main/torch.compiler_troubleshooting.html.
/rwthfs/rz/cluster/home/yh522379/realchords-pytorch/.venv/lib/python3.12/site-packages/lightning/pytorch/utilities/data.py:79: Trying to infer the `batch_size` from an ambiguous collection. The batch size we found is 8. To avoid any miscalculations, use `self.log(..., batch_size=batch_size)`.
`Trainer.fit` stopped: `max_steps=30000` reached.
